{"C:\\Users\\HP\\Napps\\summit\\middleware.ts": {"path":"C:\\Users\\HP\\Napps\\summit\\middleware.ts","statementMap":{"0":{"start":{"line":5,"column":0},"end":{"line":5,"column":22}},"1":{"start":{"line":1,"column":0},"end":{"line":1,"column":42}},"2":{"start":{"line":3,"column":0},"end":{"line":3,"column":40}},"3":{"start":{"line":6,"column":16},"end":{"line":6,"column":48}},"4":{"start":{"line":7,"column":15},"end":{"line":7,"column":39}},"5":{"start":{"line":10,"column":2},"end":{"line":21,"column":3}},"6":{"start":{"line":20,"column":4},"end":{"line":20,"column":null}},"7":{"start":{"line":24,"column":2},"end":{"line":33,"column":3}},"8":{"start":{"line":25,"column":17},"end":{"line":25,"column":37}},"9":{"start":{"line":26,"column":4},"end":{"line":32,"column":5}},"10":{"start":{"line":27,"column":6},"end":{"line":27,"column":null}},"11":{"start":{"line":28,"column":11},"end":{"line":32,"column":5}},"12":{"start":{"line":29,"column":6},"end":{"line":29,"column":null}},"13":{"start":{"line":31,"column":6},"end":{"line":31,"column":null}},"14":{"start":{"line":36,"column":2},"end":{"line":36,"column":null}},"15":{"start":{"line":39,"column":13},"end":{"line":41,"column":null}}},"fnMap":{"0":{"name":"middleware","decl":{"start":{"line":5,"column":22},"end":{"line":5,"column":32}},"loc":{"start":{"line":5,"column":53},"end":{"line":37,"column":null}}}},"branchMap":{"0":{"loc":{"start":{"line":10,"column":2},"end":{"line":21,"column":3}},"type":"if","locations":[{"start":{"line":10,"column":2},"end":{"line":21,"column":3}}]},"1":{"loc":{"start":{"line":11,"column":4},"end":{"line":18,"column":27}},"type":"binary-expr","locations":[{"start":{"line":11,"column":4},"end":{"line":11,"column":29}},{"start":{"line":12,"column":4},"end":{"line":12,"column":27}},{"start":{"line":13,"column":4},"end":{"line":13,"column":30}},{"start":{"line":14,"column":4},"end":{"line":14,"column":21}},{"start":{"line":15,"column":4},"end":{"line":15,"column":27}},{"start":{"line":16,"column":4},"end":{"line":16,"column":28}},{"start":{"line":17,"column":4},"end":{"line":17,"column":24}},{"start":{"line":18,"column":4},"end":{"line":18,"column":27}}]},"2":{"loc":{"start":{"line":24,"column":2},"end":{"line":33,"column":3}},"type":"if","locations":[{"start":{"line":24,"column":2},"end":{"line":33,"column":3}}]},"3":{"loc":{"start":{"line":24,"column":6},"end":{"line":24,"column":27}},"type":"binary-expr","locations":[{"start":{"line":24,"column":6},"end":{"line":24,"column":18}},{"start":{"line":24,"column":22},"end":{"line":24,"column":27}}]},"4":{"loc":{"start":{"line":26,"column":4},"end":{"line":32,"column":5}},"type":"if","locations":[{"start":{"line":26,"column":4},"end":{"line":32,"column":5}},{"start":{"line":28,"column":11},"end":{"line":32,"column":5}}]},"5":{"loc":{"start":{"line":28,"column":11},"end":{"line":32,"column":5}},"type":"if","locations":[{"start":{"line":28,"column":11},"end":{"line":32,"column":5}},{"start":{"line":30,"column":11},"end":{"line":32,"column":5}}]}},"s":{"0":0,"1":0,"2":0,"3":0,"4":0,"5":0,"6":0,"7":0,"8":0,"9":0,"10":0,"11":0,"12":0,"13":0,"14":0,"15":0},"f":{"0":0},"b":{"0":[0],"1":[0,0,0,0,0,0,0,0],"2":[0],"3":[0,0],"4":[0,0],"5":[0,0]}}
,"C:\\Users\\HP\\Napps\\summit\\tailwind.config.ts": {"path":"C:\\Users\\HP\\Napps\\summit\\tailwind.config.ts","statementMap":{"0":{"start":{"line":4,"column":15},"end":{"line":147,"column":null}},"1":{"start":{"line":127,"column":27},"end":{"line":143,"column":null}},"2":{"start":{"line":144,"column":6},"end":{"line":144,"column":null}},"3":{"start":{"line":149,"column":0},"end":{"line":149,"column":null}}},"fnMap":{"0":{"name":"(anonymous_0)","decl":{"start":{"line":126,"column":4},"end":{"line":126,"column":5}},"loc":{"start":{"line":126,"column":36},"end":{"line":145,"column":5}}}},"branchMap":{},"s":{"0":0,"1":0,"2":0,"3":0},"f":{"0":0},"b":{}}
,"C:\\Users\\HP\\Napps\\summit\\.next\\types\\app\\layout.ts": {"path":"C:\\Users\\HP\\Napps\\summit\\.next\\types\\app\\layout.ts","statementMap":{"0":{"start":{"line":2,"column":0},"end":{"line":2,"column":47}},"1":{"start":{"line":12,"column":0},"end":{"line":30,"column":null}},"2":{"start":{"line":34,"column":0},"end":{"line":34,"column":null}},"3":{"start":{"line":37,"column":0},"end":{"line":40,"column":1}},"4":{"start":{"line":38,"column":2},"end":{"line":38,"column":null}},"5":{"start":{"line":39,"column":2},"end":{"line":39,"column":null}},"6":{"start":{"line":43,"column":0},"end":{"line":46,"column":1}},"7":{"start":{"line":44,"column":2},"end":{"line":44,"column":null}},"8":{"start":{"line":45,"column":2},"end":{"line":45,"column":null}},"9":{"start":{"line":49,"column":0},"end":{"line":52,"column":1}},"10":{"start":{"line":50,"column":2},"end":{"line":50,"column":null}},"11":{"start":{"line":51,"column":2},"end":{"line":51,"column":null}}},"fnMap":{"0":{"name":"checkFields","decl":{"start":{"line":78,"column":9},"end":{"line":78,"column":20}},"loc":{"start":{"line":78,"column":20},"end":{"line":78,"column":64}}}},"branchMap":{"0":{"loc":{"start":{"line":37,"column":0},"end":{"line":40,"column":1}},"type":"if","locations":[{"start":{"line":37,"column":0},"end":{"line":40,"column":1}}]},"1":{"loc":{"start":{"line":43,"column":0},"end":{"line":46,"column":1}},"type":"if","locations":[{"start":{"line":43,"column":0},"end":{"line":46,"column":1}}]},"2":{"loc":{"start":{"line":49,"column":0},"end":{"line":52,"column":1}},"type":"if","locations":[{"start":{"line":49,"column":0},"end":{"line":52,"column":1}}]}},"s":{"0":0,"1":0,"2":0,"3":0,"4":0,"5":0,"6":0,"7":0,"8":0,"9":0,"10":0,"11":0},"f":{"0":0},"b":{"0":[0],"1":[0],"2":[0]}}
,"C:\\Users\\HP\\Napps\\summit\\.next\\types\\app\\page.ts": {"path":"C:\\Users\\HP\\Napps\\summit\\.next\\types\\app\\page.ts","statementMap":{"0":{"start":{"line":2,"column":0},"end":{"line":2,"column":45}},"1":{"start":{"line":12,"column":0},"end":{"line":30,"column":null}},"2":{"start":{"line":34,"column":0},"end":{"line":34,"column":null}},"3":{"start":{"line":37,"column":0},"end":{"line":40,"column":1}},"4":{"start":{"line":38,"column":2},"end":{"line":38,"column":null}},"5":{"start":{"line":39,"column":2},"end":{"line":39,"column":null}},"6":{"start":{"line":43,"column":0},"end":{"line":46,"column":1}},"7":{"start":{"line":44,"column":2},"end":{"line":44,"column":null}},"8":{"start":{"line":45,"column":2},"end":{"line":45,"column":null}},"9":{"start":{"line":49,"column":0},"end":{"line":52,"column":1}},"10":{"start":{"line":50,"column":2},"end":{"line":50,"column":null}},"11":{"start":{"line":51,"column":2},"end":{"line":51,"column":null}}},"fnMap":{"0":{"name":"checkFields","decl":{"start":{"line":78,"column":9},"end":{"line":78,"column":20}},"loc":{"start":{"line":78,"column":20},"end":{"line":78,"column":64}}}},"branchMap":{"0":{"loc":{"start":{"line":37,"column":0},"end":{"line":40,"column":1}},"type":"if","locations":[{"start":{"line":37,"column":0},"end":{"line":40,"column":1}}]},"1":{"loc":{"start":{"line":43,"column":0},"end":{"line":46,"column":1}},"type":"if","locations":[{"start":{"line":43,"column":0},"end":{"line":46,"column":1}}]},"2":{"loc":{"start":{"line":49,"column":0},"end":{"line":52,"column":1}},"type":"if","locations":[{"start":{"line":49,"column":0},"end":{"line":52,"column":1}}]}},"s":{"0":0,"1":0,"2":0,"3":0,"4":0,"5":0,"6":0,"7":0,"8":0,"9":0,"10":0,"11":0},"f":{"0":0},"b":{"0":[0],"1":[0],"2":[0]}}
,"C:\\Users\\HP\\Napps\\summit\\app\\api\\auth\\[...nextauth]\\route.ts": {"path":"C:\\Users\\HP\\Napps\\summit\\app\\api\\auth\\[...nextauth]\\route.ts","statementMap":{"0":{"start":{"line":1,"column":0},"end":{"line":1,"column":32}},"1":{"start":{"line":3,"column":0},"end":{"line":3,"column":48}},"2":{"start":{"line":5,"column":16},"end":{"line":5,"column":56}},"3":{"start":{"line":6,"column":20},"end":{"line":6,"column":23}},"4":{"start":{"line":6,"column":36},"end":{"line":6,"column":40}}},"fnMap":{},"branchMap":{},"s":{"0":0,"1":0,"2":0,"3":0,"4":0},"f":{},"b":{}}
,"C:\\Users\\HP\\Napps\\summit\\app\\api\\health\\route.ts": {"path":"C:\\Users\\HP\\Napps\\summit\\app\\api\\health\\route.ts","statementMap":{"0":{"start":{"line":7,"column":0},"end":{"line":7,"column":22}},"1":{"start":{"line":1,"column":0},"end":{"line":1,"column":42}},"2":{"start":{"line":2,"column":0},"end":{"line":2,"column":66}},"3":{"start":{"line":3,"column":0},"end":{"line":3,"column":42}},"4":{"start":{"line":5,"column":13},"end":{"line":5,"column":null}},"5":{"start":{"line":8,"column":2},"end":{"line":35,"column":3}},"6":{"start":{"line":9,"column":18},"end":{"line":9,"column":44}},"7":{"start":{"line":10,"column":47},"end":{"line":14,"column":6}},"8":{"start":{"line":16,"column":4},"end":{"line":28,"column":null}},"9":{"start":{"line":30,"column":4},"end":{"line":30,"column":null}},"10":{"start":{"line":31,"column":4},"end":{"line":34,"column":null}}},"fnMap":{"0":{"name":"GET","decl":{"start":{"line":7,"column":22},"end":{"line":7,"column":25}},"loc":{"start":{"line":7,"column":25},"end":{"line":36,"column":null}}}},"branchMap":{"0":{"loc":{"start":{"line":21,"column":18},"end":{"line":21,"column":52}},"type":"cond-expr","locations":[{"start":{"line":21,"column":29},"end":{"line":21,"column":38}},{"start":{"line":21,"column":41},"end":{"line":21,"column":52}}]},"1":{"loc":{"start":{"line":25,"column":18},"end":{"line":25,"column":55}},"type":"cond-expr","locations":[{"start":{"line":25,"column":32},"end":{"line":25,"column":41}},{"start":{"line":25,"column":44},"end":{"line":25,"column":55}}]}},"s":{"0":0,"1":0,"2":0,"3":0,"4":0,"5":0,"6":0,"7":0,"8":0,"9":0,"10":0},"f":{"0":0},"b":{"0":[0,0],"1":[0,0]}}
,"C:\\Users\\HP\\Napps\\summit\\app\\payment\\verify\\loading.tsx": {"path":"C:\\Users\\HP\\Napps\\summit\\app\\payment\\verify\\loading.tsx","statementMap":{"0":{"start":{"line":1,"column":0},"end":{"line":1,"column":24}},"1":{"start":{"line":2,"column":2},"end":{"line":2,"column":null}}},"fnMap":{"0":{"name":"Loading","decl":{"start":{"line":1,"column":24},"end":{"line":1,"column":31}},"loc":{"start":{"line":1,"column":31},"end":{"line":3,"column":1}}}},"branchMap":{},"s":{"0":0,"1":0},"f":{"0":0},"b":{}}
,"C:\\Users\\HP\\Napps\\summit\\app\\registration-success\\loading.tsx": {"path":"C:\\Users\\HP\\Napps\\summit\\app\\registration-success\\loading.tsx","statementMap":{"0":{"start":{"line":1,"column":0},"end":{"line":1,"column":24}},"1":{"start":{"line":2,"column":2},"end":{"line":2,"column":null}}},"fnMap":{"0":{"name":"Loading","decl":{"start":{"line":1,"column":24},"end":{"line":1,"column":31}},"loc":{"start":{"line":1,"column":31},"end":{"line":3,"column":1}}}},"branchMap":{},"s":{"0":0,"1":0},"f":{"0":0},"b":{}}
,"C:\\Users\\HP\\Napps\\summit\\app\\validator\\history\\loading.tsx": {"path":"C:\\Users\\HP\\Napps\\summit\\app\\validator\\history\\loading.tsx","statementMap":{"0":{"start":{"line":1,"column":0},"end":{"line":1,"column":24}},"1":{"start":{"line":2,"column":2},"end":{"line":2,"column":null}}},"fnMap":{"0":{"name":"Loading","decl":{"start":{"line":1,"column":24},"end":{"line":1,"column":31}},"loc":{"start":{"line":1,"column":31},"end":{"line":3,"column":1}}}},"branchMap":{},"s":{"0":0,"1":0},"f":{"0":0},"b":{}}
,"C:\\Users\\HP\\Napps\\summit\\app\\validator\\scan\\loading.tsx": {"path":"C:\\Users\\HP\\Napps\\summit\\app\\validator\\scan\\loading.tsx","statementMap":{"0":{"start":{"line":1,"column":0},"end":{"line":1,"column":24}},"1":{"start":{"line":2,"column":2},"end":{"line":2,"column":null}}},"fnMap":{"0":{"name":"Loading","decl":{"start":{"line":1,"column":24},"end":{"line":1,"column":31}},"loc":{"start":{"line":1,"column":31},"end":{"line":3,"column":1}}}},"branchMap":{},"s":{"0":0,"1":0},"f":{"0":0},"b":{}}
,"C:\\Users\\HP\\Napps\\summit\\components\\icons.tsx": {"path":"C:\\Users\\HP\\Napps\\summit\\components\\icons.tsx","statementMap":{"0":{"start":{"line":1,"column":0},"end":{"line":1,"column":null}},"1":{"start":{"line":26,"column":13},"end":{"line":49,"column":null}}},"fnMap":{},"branchMap":{},"s":{"0":0,"1":0},"f":{},"b":{}}
,"C:\\Users\\HP\\Napps\\summit\\components\\theme-provider.tsx": {"path":"C:\\Users\\HP\\Napps\\summit\\components\\theme-provider.tsx","statementMap":{"0":{"start":{"line":9,"column":0},"end":{"line":9,"column":16}},"1":{"start":{"line":3,"column":0},"end":{"line":3,"column":30}},"2":{"start":{"line":4,"column":0},"end":{"line":4,"column":null}},"3":{"start":{"line":9,"column":40},"end":{"line":9,"column":45}},"4":{"start":{"line":9,"column":50},"end":{"line":9,"column":72}},"5":{"start":{"line":10,"column":2},"end":{"line":10,"column":null}}},"fnMap":{"0":{"name":"ThemeProvider","decl":{"start":{"line":9,"column":16},"end":{"line":9,"column":29}},"loc":{"start":{"line":9,"column":72},"end":{"line":11,"column":1}}}},"branchMap":{},"s":{"0":0,"1":0,"2":0,"3":0,"4":0,"5":0},"f":{"0":0},"b":{}}
,"C:\\Users\\HP\\Napps\\summit\\components\\ui\\accordion.tsx": {"path":"C:\\Users\\HP\\Napps\\summit\\components\\ui\\accordion.tsx","statementMap":{"0":{"start":{"line":3,"column":0},"end":{"line":3,"column":30}},"1":{"start":{"line":4,"column":0},"end":{"line":4,"column":63}},"2":{"start":{"line":5,"column":0},"end":{"line":5,"column":42}},"3":{"start":{"line":7,"column":0},"end":{"line":7,"column":32}},"4":{"start":{"line":9,"column":18},"end":{"line":9,"column":41}},"5":{"start":{"line":58,"column":9},"end":{"line":58,"column":18}},"6":{"start":{"line":11,"column":22},"end":{"line":20,"column":2}},"7":{"start":{"line":14,"column":14},"end":{"line":14,"column":19}},"8":{"start":{"line":14,"column":24},"end":{"line":14,"column":28}},"9":{"start":{"line":14,"column":36},"end":{"line":20,"column":2}},"10":{"start":{"line":58,"column":20},"end":{"line":58,"column":33}},"11":{"start":{"line":21,"column":0},"end":{"line":21,"column":null}},"12":{"start":{"line":23,"column":25},"end":{"line":40,"column":2}},"13":{"start":{"line":26,"column":24},"end":{"line":26,"column":29}},"14":{"start":{"line":26,"column":34},"end":{"line":26,"column":38}},"15":{"start":{"line":26,"column":46},"end":{"line":40,"column":2}},"16":{"start":{"line":58,"column":35},"end":{"line":58,"column":51}},"17":{"start":{"line":41,"column":0},"end":{"line":41,"column":null}},"18":{"start":{"line":43,"column":25},"end":{"line":54,"column":2}},"19":{"start":{"line":46,"column":24},"end":{"line":46,"column":29}},"20":{"start":{"line":46,"column":34},"end":{"line":46,"column":38}},"21":{"start":{"line":46,"column":46},"end":{"line":54,"column":2}},"22":{"start":{"line":58,"column":53},"end":{"line":58,"column":69}},"23":{"start":{"line":56,"column":0},"end":{"line":56,"column":null}}},"fnMap":{"0":{"name":"(anonymous_10)","decl":{"start":{"line":14,"column":2},"end":{"line":14,"column":3}},"loc":{"start":{"line":14,"column":35},"end":{"line":20,"column":2}}},"1":{"name":"(anonymous_11)","decl":{"start":{"line":26,"column":2},"end":{"line":26,"column":3}},"loc":{"start":{"line":26,"column":45},"end":{"line":40,"column":2}}},"2":{"name":"(anonymous_12)","decl":{"start":{"line":46,"column":2},"end":{"line":46,"column":3}},"loc":{"start":{"line":46,"column":45},"end":{"line":54,"column":2}}}},"branchMap":{},"s":{"0":0,"1":0,"2":0,"3":0,"4":0,"5":0,"6":0,"7":0,"8":0,"9":0,"10":0,"11":0,"12":0,"13":0,"14":0,"15":0,"16":0,"17":0,"18":0,"19":0,"20":0,"21":0,"22":0,"23":0},"f":{"0":0,"1":0,"2":0},"b":{}}
,"C:\\Users\\HP\\Napps\\summit\\components\\ui\\alert-dialog.tsx": {"path":"C:\\Users\\HP\\Napps\\summit\\components\\ui\\alert-dialog.tsx","statementMap":{"0":{"start":{"line":3,"column":0},"end":{"line":3,"column":30}},"1":{"start":{"line":4,"column":0},"end":{"line":4,"column":68}},"2":{"start":{"line":6,"column":0},"end":{"line":6,"column":32}},"3":{"start":{"line":7,"column":0},"end":{"line":7,"column":55}},"4":{"start":{"line":9,"column":20},"end":{"line":9,"column":45}},"5":{"start":{"line":130,"column":2},"end":{"line":130,"column":13}},"6":{"start":{"line":11,"column":27},"end":{"line":11,"column":55}},"7":{"start":{"line":133,"column":2},"end":{"line":133,"column":20}},"8":{"start":{"line":13,"column":26},"end":{"line":13,"column":53}},"9":{"start":{"line":131,"column":2},"end":{"line":131,"column":19}},"10":{"start":{"line":15,"column":27},"end":{"line":27,"column":2}},"11":{"start":{"line":18,"column":14},"end":{"line":18,"column":19}},"12":{"start":{"line":18,"column":24},"end":{"line":18,"column":28}},"13":{"start":{"line":18,"column":36},"end":{"line":27,"column":2}},"14":{"start":{"line":132,"column":2},"end":{"line":132,"column":20}},"15":{"start":{"line":28,"column":0},"end":{"line":28,"column":null}},"16":{"start":{"line":30,"column":27},"end":{"line":45,"column":2}},"17":{"start":{"line":33,"column":14},"end":{"line":33,"column":19}},"18":{"start":{"line":33,"column":24},"end":{"line":33,"column":28}},"19":{"start":{"line":33,"column":36},"end":{"line":45,"column":2}},"20":{"start":{"line":134,"column":2},"end":{"line":134,"column":20}},"21":{"start":{"line":46,"column":0},"end":{"line":46,"column":null}},"22":{"start":{"line":48,"column":26},"end":{"line":59,"column":null}},"23":{"start":{"line":49,"column":11},"end":{"line":49,"column":null}},"24":{"start":{"line":50,"column":10},"end":{"line":51,"column":39}},"25":{"start":{"line":51,"column":44},"end":{"line":59,"column":null}},"26":{"start":{"line":135,"column":2},"end":{"line":135,"column":19}},"27":{"start":{"line":60,"column":0},"end":{"line":60,"column":null}},"28":{"start":{"line":62,"column":26},"end":{"line":73,"column":null}},"29":{"start":{"line":63,"column":11},"end":{"line":63,"column":null}},"30":{"start":{"line":64,"column":10},"end":{"line":65,"column":39}},"31":{"start":{"line":65,"column":44},"end":{"line":73,"column":null}},"32":{"start":{"line":136,"column":2},"end":{"line":136,"column":19}},"33":{"start":{"line":74,"column":0},"end":{"line":74,"column":null}},"34":{"start":{"line":76,"column":25},"end":{"line":85,"column":2}},"35":{"start":{"line":79,"column":14},"end":{"line":79,"column":19}},"36":{"start":{"line":79,"column":24},"end":{"line":79,"column":28}},"37":{"start":{"line":79,"column":36},"end":{"line":85,"column":2}},"38":{"start":{"line":137,"column":2},"end":{"line":137,"column":18}},"39":{"start":{"line":86,"column":0},"end":{"line":86,"column":null}},"40":{"start":{"line":88,"column":31},"end":{"line":97,"column":2}},"41":{"start":{"line":91,"column":14},"end":{"line":91,"column":19}},"42":{"start":{"line":91,"column":24},"end":{"line":91,"column":28}},"43":{"start":{"line":91,"column":36},"end":{"line":97,"column":2}},"44":{"start":{"line":138,"column":2},"end":{"line":138,"column":24}},"45":{"start":{"line":98,"column":0},"end":{"line":99,"column":null}},"46":{"start":{"line":101,"column":26},"end":{"line":110,"column":2}},"47":{"start":{"line":104,"column":14},"end":{"line":104,"column":19}},"48":{"start":{"line":104,"column":24},"end":{"line":104,"column":28}},"49":{"start":{"line":104,"column":36},"end":{"line":110,"column":2}},"50":{"start":{"line":139,"column":2},"end":{"line":139,"column":19}},"51":{"start":{"line":111,"column":0},"end":{"line":111,"column":null}},"52":{"start":{"line":113,"column":26},"end":{"line":126,"column":2}},"53":{"start":{"line":116,"column":14},"end":{"line":116,"column":19}},"54":{"start":{"line":116,"column":24},"end":{"line":116,"column":28}},"55":{"start":{"line":116,"column":36},"end":{"line":126,"column":2}},"56":{"start":{"line":140,"column":2},"end":{"line":140,"column":19}},"57":{"start":{"line":127,"column":0},"end":{"line":127,"column":null}}},"fnMap":{"0":{"name":"(anonymous_10)","decl":{"start":{"line":18,"column":2},"end":{"line":18,"column":3}},"loc":{"start":{"line":18,"column":35},"end":{"line":27,"column":2}}},"1":{"name":"(anonymous_11)","decl":{"start":{"line":33,"column":2},"end":{"line":33,"column":3}},"loc":{"start":{"line":33,"column":35},"end":{"line":45,"column":2}}},"2":{"name":"(anonymous_12)","decl":{"start":{"line":48,"column":26},"end":{"line":48,"column":27}},"loc":{"start":{"line":51,"column":43},"end":{"line":59,"column":null}}},"3":{"name":"(anonymous_13)","decl":{"start":{"line":62,"column":26},"end":{"line":62,"column":27}},"loc":{"start":{"line":65,"column":43},"end":{"line":73,"column":null}}},"4":{"name":"(anonymous_14)","decl":{"start":{"line":79,"column":2},"end":{"line":79,"column":3}},"loc":{"start":{"line":79,"column":35},"end":{"line":85,"column":2}}},"5":{"name":"(anonymous_15)","decl":{"start":{"line":91,"column":2},"end":{"line":91,"column":3}},"loc":{"start":{"line":91,"column":35},"end":{"line":97,"column":2}}},"6":{"name":"(anonymous_16)","decl":{"start":{"line":104,"column":2},"end":{"line":104,"column":3}},"loc":{"start":{"line":104,"column":35},"end":{"line":110,"column":2}}},"7":{"name":"(anonymous_17)","decl":{"start":{"line":116,"column":2},"end":{"line":116,"column":3}},"loc":{"start":{"line":116,"column":35},"end":{"line":126,"column":2}}}},"branchMap":{},"s":{"0":0,"1":0,"2":0,"3":0,"4":0,"5":0,"6":0,"7":0,"8":0,"9":0,"10":0,"11":0,"12":0,"13":0,"14":0,"15":0,"16":0,"17":0,"18":0,"19":0,"20":0,"21":0,"22":0,"23":0,"24":0,"25":0,"26":0,"27":0,"28":0,"29":0,"30":0,"31":0,"32":0,"33":0,"34":0,"35":0,"36":0,"37":0,"38":0,"39":0,"40":0,"41":0,"42":0,"43":0,"44":0,"45":0,"46":0,"47":0,"48":0,"49":0,"50":0,"51":0,"52":0,"53":0,"54":0,"55":0,"56":0,"57":0},"f":{"0":0,"1":0,"2":0,"3":0,"4":0,"5":0,"6":0,"7":0},"b":{}}
,"C:\\Users\\HP\\Napps\\summit\\components\\ui\\alert.tsx": {"path":"C:\\Users\\HP\\Napps\\summit\\components\\ui\\alert.tsx","statementMap":{"0":{"start":{"line":1,"column":0},"end":{"line":1,"column":30}},"1":{"start":{"line":2,"column":0},"end":{"line":2,"column":65}},"2":{"start":{"line":4,"column":0},"end":{"line":4,"column":32}},"3":{"start":{"line":6,"column":22},"end":{"line":19,"column":null}},"4":{"start":{"line":22,"column":14},"end":{"line":32,"column":2}},"5":{"start":{"line":25,"column":23},"end":{"line":25,"column":28}},"6":{"start":{"line":25,"column":33},"end":{"line":25,"column":37}},"7":{"start":{"line":25,"column":45},"end":{"line":32,"column":2}},"8":{"start":{"line":59,"column":9},"end":{"line":59,"column":14}},"9":{"start":{"line":33,"column":0},"end":{"line":33,"column":null}},"10":{"start":{"line":35,"column":19},"end":{"line":44,"column":2}},"11":{"start":{"line":38,"column":14},"end":{"line":38,"column":19}},"12":{"start":{"line":38,"column":24},"end":{"line":38,"column":28}},"13":{"start":{"line":38,"column":36},"end":{"line":44,"column":2}},"14":{"start":{"line":59,"column":16},"end":{"line":59,"column":26}},"15":{"start":{"line":45,"column":0},"end":{"line":45,"column":null}},"16":{"start":{"line":47,"column":25},"end":{"line":56,"column":2}},"17":{"start":{"line":50,"column":14},"end":{"line":50,"column":19}},"18":{"start":{"line":50,"column":24},"end":{"line":50,"column":28}},"19":{"start":{"line":50,"column":36},"end":{"line":56,"column":2}},"20":{"start":{"line":59,"column":28},"end":{"line":59,"column":44}},"21":{"start":{"line":57,"column":0},"end":{"line":57,"column":null}}},"fnMap":{"0":{"name":"(anonymous_10)","decl":{"start":{"line":25,"column":2},"end":{"line":25,"column":3}},"loc":{"start":{"line":25,"column":44},"end":{"line":32,"column":2}}},"1":{"name":"(anonymous_11)","decl":{"start":{"line":38,"column":2},"end":{"line":38,"column":3}},"loc":{"start":{"line":38,"column":35},"end":{"line":44,"column":2}}},"2":{"name":"(anonymous_12)","decl":{"start":{"line":50,"column":2},"end":{"line":50,"column":3}},"loc":{"start":{"line":50,"column":35},"end":{"line":56,"column":2}}}},"branchMap":{},"s":{"0":0,"1":0,"2":0,"3":0,"4":0,"5":0,"6":0,"7":0,"8":0,"9":0,"10":0,"11":0,"12":0,"13":0,"14":0,"15":0,"16":0,"17":0,"18":0,"19":0,"20":0,"21":0},"f":{"0":0,"1":0,"2":0},"b":{}}
,"C:\\Users\\HP\\Napps\\summit\\components\\ui\\aspect-ratio.tsx": {"path":"C:\\Users\\HP\\Napps\\summit\\components\\ui\\aspect-ratio.tsx","statementMap":{"0":{"start":{"line":3,"column":0},"end":{"line":3,"column":68}},"1":{"start":{"line":5,"column":20},"end":{"line":5,"column":45}},"2":{"start":{"line":7,"column":9},"end":{"line":7,"column":20}}},"fnMap":{},"branchMap":{},"s":{"0":0,"1":0,"2":0},"f":{},"b":{}}
,"C:\\Users\\HP\\Napps\\summit\\components\\ui\\avatar.tsx": {"path":"C:\\Users\\HP\\Napps\\summit\\components\\ui\\avatar.tsx","statementMap":{"0":{"start":{"line":3,"column":0},"end":{"line":3,"column":30}},"1":{"start":{"line":4,"column":0},"end":{"line":4,"column":57}},"2":{"start":{"line":6,"column":0},"end":{"line":6,"column":32}},"3":{"start":{"line":8,"column":15},"end":{"line":20,"column":2}},"4":{"start":{"line":11,"column":14},"end":{"line":11,"column":19}},"5":{"start":{"line":11,"column":24},"end":{"line":11,"column":28}},"6":{"start":{"line":11,"column":36},"end":{"line":20,"column":2}},"7":{"start":{"line":50,"column":9},"end":{"line":50,"column":15}},"8":{"start":{"line":21,"column":0},"end":{"line":21,"column":null}},"9":{"start":{"line":23,"column":20},"end":{"line":32,"column":2}},"10":{"start":{"line":26,"column":14},"end":{"line":26,"column":19}},"11":{"start":{"line":26,"column":24},"end":{"line":26,"column":28}},"12":{"start":{"line":26,"column":36},"end":{"line":32,"column":2}},"13":{"start":{"line":50,"column":17},"end":{"line":50,"column":28}},"14":{"start":{"line":33,"column":0},"end":{"line":33,"column":null}},"15":{"start":{"line":35,"column":23},"end":{"line":47,"column":2}},"16":{"start":{"line":38,"column":14},"end":{"line":38,"column":19}},"17":{"start":{"line":38,"column":24},"end":{"line":38,"column":28}},"18":{"start":{"line":38,"column":36},"end":{"line":47,"column":2}},"19":{"start":{"line":50,"column":30},"end":{"line":50,"column":44}},"20":{"start":{"line":48,"column":0},"end":{"line":48,"column":null}}},"fnMap":{"0":{"name":"(anonymous_10)","decl":{"start":{"line":11,"column":2},"end":{"line":11,"column":3}},"loc":{"start":{"line":11,"column":35},"end":{"line":20,"column":2}}},"1":{"name":"(anonymous_11)","decl":{"start":{"line":26,"column":2},"end":{"line":26,"column":3}},"loc":{"start":{"line":26,"column":35},"end":{"line":32,"column":2}}},"2":{"name":"(anonymous_12)","decl":{"start":{"line":38,"column":2},"end":{"line":38,"column":3}},"loc":{"start":{"line":38,"column":35},"end":{"line":47,"column":2}}}},"branchMap":{},"s":{"0":0,"1":0,"2":0,"3":0,"4":0,"5":0,"6":0,"7":0,"8":0,"9":0,"10":0,"11":0,"12":0,"13":0,"14":0,"15":0,"16":0,"17":0,"18":0,"19":0,"20":0},"f":{"0":0,"1":0,"2":0},"b":{}}
,"C:\\Users\\HP\\Napps\\summit\\components\\ui\\breadcrumb.tsx": {"path":"C:\\Users\\HP\\Napps\\summit\\components\\ui\\breadcrumb.tsx","statementMap":{"0":{"start":{"line":1,"column":0},"end":{"line":1,"column":30}},"1":{"start":{"line":2,"column":0},"end":{"line":2,"column":43}},"2":{"start":{"line":3,"column":0},"end":{"line":3,"column":59}},"3":{"start":{"line":5,"column":0},"end":{"line":5,"column":32}},"4":{"start":{"line":7,"column":19},"end":{"line":12,"column":78}},"5":{"start":{"line":12,"column":13},"end":{"line":12,"column":17}},"6":{"start":{"line":12,"column":25},"end":{"line":12,"column":78}},"7":{"start":{"line":108,"column":2},"end":{"line":108,"column":12}},"8":{"start":{"line":13,"column":0},"end":{"line":13,"column":null}},"9":{"start":{"line":15,"column":23},"end":{"line":27,"column":2}},"10":{"start":{"line":18,"column":14},"end":{"line":18,"column":19}},"11":{"start":{"line":18,"column":24},"end":{"line":18,"column":28}},"12":{"start":{"line":18,"column":36},"end":{"line":27,"column":2}},"13":{"start":{"line":109,"column":2},"end":{"line":109,"column":16}},"14":{"start":{"line":28,"column":0},"end":{"line":28,"column":null}},"15":{"start":{"line":30,"column":23},"end":{"line":39,"column":2}},"16":{"start":{"line":33,"column":14},"end":{"line":33,"column":19}},"17":{"start":{"line":33,"column":24},"end":{"line":33,"column":28}},"18":{"start":{"line":33,"column":36},"end":{"line":39,"column":2}},"19":{"start":{"line":110,"column":2},"end":{"line":110,"column":16}},"20":{"start":{"line":40,"column":0},"end":{"line":40,"column":null}},"21":{"start":{"line":42,"column":23},"end":{"line":57,"column":2}},"22":{"start":{"line":47,"column":23},"end":{"line":47,"column":28}},"23":{"start":{"line":47,"column":33},"end":{"line":47,"column":37}},"24":{"start":{"line":48,"column":15},"end":{"line":48,"column":35}},"25":{"start":{"line":50,"column":2},"end":{"line":56,"column":null}},"26":{"start":{"line":111,"column":2},"end":{"line":111,"column":16}},"27":{"start":{"line":58,"column":0},"end":{"line":58,"column":null}},"28":{"start":{"line":60,"column":23},"end":{"line":72,"column":2}},"29":{"start":{"line":63,"column":14},"end":{"line":63,"column":19}},"30":{"start":{"line":63,"column":24},"end":{"line":63,"column":28}},"31":{"start":{"line":63,"column":36},"end":{"line":72,"column":2}},"32":{"start":{"line":112,"column":2},"end":{"line":112,"column":16}},"33":{"start":{"line":73,"column":0},"end":{"line":73,"column":null}},"34":{"start":{"line":75,"column":28},"end":{"line":88,"column":null}},"35":{"start":{"line":77,"column":11},"end":{"line":77,"column":null}},"36":{"start":{"line":78,"column":10},"end":{"line":79,"column":29}},"37":{"start":{"line":79,"column":34},"end":{"line":88,"column":null}},"38":{"start":{"line":113,"column":2},"end":{"line":113,"column":21}},"39":{"start":{"line":89,"column":0},"end":{"line":89,"column":null}},"40":{"start":{"line":91,"column":27},"end":{"line":104,"column":null}},"41":{"start":{"line":92,"column":11},"end":{"line":92,"column":null}},"42":{"start":{"line":93,"column":10},"end":{"line":94,"column":31}},"43":{"start":{"line":94,"column":36},"end":{"line":104,"column":null}},"44":{"start":{"line":114,"column":2},"end":{"line":114,"column":20}},"45":{"start":{"line":105,"column":0},"end":{"line":105,"column":null}}},"fnMap":{"0":{"name":"(anonymous_10)","decl":{"start":{"line":12,"column":2},"end":{"line":12,"column":3}},"loc":{"start":{"line":12,"column":24},"end":{"line":12,"column":78}}},"1":{"name":"(anonymous_11)","decl":{"start":{"line":18,"column":2},"end":{"line":18,"column":3}},"loc":{"start":{"line":18,"column":35},"end":{"line":27,"column":2}}},"2":{"name":"(anonymous_12)","decl":{"start":{"line":33,"column":2},"end":{"line":33,"column":3}},"loc":{"start":{"line":33,"column":35},"end":{"line":39,"column":2}}},"3":{"name":"(anonymous_13)","decl":{"start":{"line":47,"column":2},"end":{"line":47,"column":3}},"loc":{"start":{"line":47,"column":44},"end":{"line":57,"column":1}}},"4":{"name":"(anonymous_14)","decl":{"start":{"line":63,"column":2},"end":{"line":63,"column":3}},"loc":{"start":{"line":63,"column":35},"end":{"line":72,"column":2}}},"5":{"name":"(anonymous_15)","decl":{"start":{"line":75,"column":28},"end":{"line":75,"column":29}},"loc":{"start":{"line":79,"column":33},"end":{"line":88,"column":null}}},"6":{"name":"(anonymous_16)","decl":{"start":{"line":91,"column":27},"end":{"line":91,"column":28}},"loc":{"start":{"line":94,"column":35},"end":{"line":104,"column":null}}}},"branchMap":{"0":{"loc":{"start":{"line":48,"column":15},"end":{"line":48,"column":35}},"type":"cond-expr","locations":[{"start":{"line":48,"column":25},"end":{"line":48,"column":29}},{"start":{"line":48,"column":32},"end":{"line":48,"column":35}}]},"1":{"loc":{"start":{"line":86,"column":5},"end":{"line":86,"column":33}},"type":"cond-expr","locations":[{"start":{"line":86,"column":5},"end":{"line":86,"column":13}},{"start":{"line":86,"column":17},"end":{"line":86,"column":33}}]},"2":{"loc":{"start":{"line":86,"column":5},"end":{"line":86,"column":17}},"type":"binary-expr","locations":[{"start":{"line":86,"column":5},"end":{"line":86,"column":17}},{"start":{"line":86,"column":5},"end":{"line":86,"column":17}}]}},"s":{"0":0,"1":0,"2":0,"3":0,"4":0,"5":0,"6":0,"7":0,"8":0,"9":0,"10":0,"11":0,"12":0,"13":0,"14":0,"15":0,"16":0,"17":0,"18":0,"19":0,"20":0,"21":0,"22":0,"23":0,"24":0,"25":0,"26":0,"27":0,"28":0,"29":0,"30":0,"31":0,"32":0,"33":0,"34":0,"35":0,"36":0,"37":0,"38":0,"39":0,"40":0,"41":0,"42":0,"43":0,"44":0,"45":0},"f":{"0":0,"1":0,"2":0,"3":0,"4":0,"5":0,"6":0},"b":{"0":[0,0],"1":[0,0],"2":[0,0]}}
,"C:\\Users\\HP\\Napps\\summit\\components\\ui\\button.tsx": {"path":"C:\\Users\\HP\\Napps\\summit\\components\\ui\\button.tsx","statementMap":{"0":{"start":{"line":1,"column":0},"end":{"line":1,"column":30}},"1":{"start":{"line":2,"column":0},"end":{"line":2,"column":43}},"2":{"start":{"line":3,"column":0},"end":{"line":3,"column":65}},"3":{"start":{"line":5,"column":0},"end":{"line":5,"column":32}},"4":{"start":{"line":7,"column":23},"end":{"line":32,"column":null}},"5":{"start":{"line":49,"column":17},"end":{"line":49,"column":31}},"6":{"start":{"line":41,"column":15},"end":{"line":45,"column":null}},"7":{"start":{"line":42,"column":46},"end":{"line":42,"column":51}},"8":{"start":{"line":42,"column":56},"end":{"line":42,"column":60}},"9":{"start":{"line":43,"column":17},"end":{"line":43,"column":42}},"10":{"start":{"line":44,"column":4},"end":{"line":44,"column":null}},"11":{"start":{"line":49,"column":9},"end":{"line":49,"column":15}},"12":{"start":{"line":47,"column":0},"end":{"line":47,"column":null}}},"fnMap":{"0":{"name":"(anonymous_10)","decl":{"start":{"line":42,"column":2},"end":{"line":42,"column":3}},"loc":{"start":{"line":42,"column":67},"end":{"line":45,"column":3}}}},"branchMap":{"0":{"loc":{"start":{"line":42,"column":31},"end":{"line":42,"column":46}},"type":"default-arg","locations":[{"start":{"line":42,"column":41},"end":{"line":42,"column":46}}]},"1":{"loc":{"start":{"line":43,"column":17},"end":{"line":43,"column":42}},"type":"cond-expr","locations":[{"start":{"line":43,"column":27},"end":{"line":43,"column":31}},{"start":{"line":43,"column":34},"end":{"line":43,"column":42}}]}},"s":{"0":0,"1":0,"2":0,"3":0,"4":0,"5":0,"6":0,"7":0,"8":0,"9":0,"10":0,"11":0,"12":0},"f":{"0":0},"b":{"0":[0],"1":[0,0]}}
,"C:\\Users\\HP\\Napps\\summit\\components\\ui\\calendar.tsx": {"path":"C:\\Users\\HP\\Napps\\summit\\components\\ui\\calendar.tsx","statementMap":{"0":{"start":{"line":66,"column":9},"end":{"line":66,"column":17}},"1":{"start":{"line":3,"column":0},"end":{"line":3,"column":30}},"2":{"start":{"line":4,"column":0},"end":{"line":4,"column":56}},"3":{"start":{"line":5,"column":0},"end":{"line":5,"column":44}},"4":{"start":{"line":7,"column":0},"end":{"line":7,"column":32}},"5":{"start":{"line":8,"column":0},"end":{"line":8,"column":55}},"6":{"start":{"line":15,"column":24},"end":{"line":15,"column":null}},"7":{"start":{"line":16,"column":10},"end":{"line":17,"column":16}},"8":{"start":{"line":18,"column":2},"end":{"line":62,"column":null}},"9":{"start":{"line":57,"column":29},"end":{"line":57,"column":33}},"10":{"start":{"line":57,"column":36},"end":{"line":57,"column":null}},"11":{"start":{"line":58,"column":30},"end":{"line":58,"column":34}},"12":{"start":{"line":58,"column":37},"end":{"line":58,"column":null}},"13":{"start":{"line":64,"column":0},"end":{"line":64,"column":null}}},"fnMap":{"0":{"name":"Calendar","decl":{"start":{"line":12,"column":9},"end":{"line":12,"column":17}},"loc":{"start":{"line":17,"column":16},"end":{"line":63,"column":1}}},"1":{"name":"(anonymous_11)","decl":{"start":{"line":57,"column":18},"end":{"line":57,"column":19}},"loc":{"start":{"line":57,"column":35},"end":{"line":57,"column":null}}},"2":{"name":"(anonymous_12)","decl":{"start":{"line":58,"column":19},"end":{"line":58,"column":20}},"loc":{"start":{"line":58,"column":36},"end":{"line":58,"column":null}}}},"branchMap":{"0":{"loc":{"start":{"line":15,"column":2},"end":{"line":15,"column":24}},"type":"default-arg","locations":[{"start":{"line":15,"column":20},"end":{"line":15,"column":24}}]}},"s":{"0":0,"1":0,"2":0,"3":0,"4":0,"5":0,"6":0,"7":0,"8":0,"9":0,"10":0,"11":0,"12":0,"13":0},"f":{"0":0,"1":0,"2":0},"b":{"0":[0]}}
,"C:\\Users\\HP\\Napps\\summit\\components\\ui\\card.tsx": {"path":"C:\\Users\\HP\\Napps\\summit\\components\\ui\\card.tsx","statementMap":{"0":{"start":{"line":1,"column":0},"end":{"line":1,"column":30}},"1":{"start":{"line":3,"column":0},"end":{"line":3,"column":32}},"2":{"start":{"line":5,"column":13},"end":{"line":11,"column":2}},"3":{"start":{"line":5,"column":96},"end":{"line":5,"column":101}},"4":{"start":{"line":5,"column":106},"end":{"line":5,"column":110}},"5":{"start":{"line":5,"column":118},"end":{"line":11,"column":2}},"6":{"start":{"line":51,"column":9},"end":{"line":51,"column":13}},"7":{"start":{"line":12,"column":0},"end":{"line":12,"column":null}},"8":{"start":{"line":14,"column":19},"end":{"line":17,"column":null}},"9":{"start":{"line":15,"column":14},"end":{"line":15,"column":19}},"10":{"start":{"line":15,"column":24},"end":{"line":15,"column":28}},"11":{"start":{"line":15,"column":36},"end":{"line":17,"column":null}},"12":{"start":{"line":51,"column":15},"end":{"line":51,"column":25}},"13":{"start":{"line":19,"column":0},"end":{"line":19,"column":null}},"14":{"start":{"line":21,"column":18},"end":{"line":28,"column":null}},"15":{"start":{"line":22,"column":14},"end":{"line":22,"column":19}},"16":{"start":{"line":22,"column":24},"end":{"line":22,"column":28}},"17":{"start":{"line":22,"column":36},"end":{"line":28,"column":null}},"18":{"start":{"line":51,"column":39},"end":{"line":51,"column":48}},"19":{"start":{"line":30,"column":0},"end":{"line":30,"column":null}},"20":{"start":{"line":32,"column":24},"end":{"line":35,"column":null}},"21":{"start":{"line":33,"column":14},"end":{"line":33,"column":19}},"22":{"start":{"line":33,"column":24},"end":{"line":33,"column":28}},"23":{"start":{"line":33,"column":36},"end":{"line":35,"column":null}},"24":{"start":{"line":51,"column":50},"end":{"line":51,"column":65}},"25":{"start":{"line":37,"column":0},"end":{"line":37,"column":null}},"26":{"start":{"line":39,"column":20},"end":{"line":40,"column":null}},"27":{"start":{"line":40,"column":14},"end":{"line":40,"column":19}},"28":{"start":{"line":40,"column":24},"end":{"line":40,"column":28}},"29":{"start":{"line":40,"column":36},"end":{"line":40,"column":null}},"30":{"start":{"line":51,"column":67},"end":{"line":51,"column":78}},"31":{"start":{"line":42,"column":0},"end":{"line":42,"column":null}},"32":{"start":{"line":44,"column":19},"end":{"line":47,"column":null}},"33":{"start":{"line":45,"column":14},"end":{"line":45,"column":19}},"34":{"start":{"line":45,"column":24},"end":{"line":45,"column":28}},"35":{"start":{"line":45,"column":36},"end":{"line":47,"column":null}},"36":{"start":{"line":51,"column":27},"end":{"line":51,"column":37}},"37":{"start":{"line":49,"column":0},"end":{"line":49,"column":null}}},"fnMap":{"0":{"name":"(anonymous_10)","decl":{"start":{"line":5,"column":84},"end":{"line":5,"column":85}},"loc":{"start":{"line":5,"column":117},"end":{"line":11,"column":2}}},"1":{"name":"(anonymous_11)","decl":{"start":{"line":15,"column":2},"end":{"line":15,"column":3}},"loc":{"start":{"line":15,"column":35},"end":{"line":17,"column":null}}},"2":{"name":"(anonymous_12)","decl":{"start":{"line":22,"column":2},"end":{"line":22,"column":3}},"loc":{"start":{"line":22,"column":35},"end":{"line":28,"column":null}}},"3":{"name":"(anonymous_13)","decl":{"start":{"line":33,"column":2},"end":{"line":33,"column":3}},"loc":{"start":{"line":33,"column":35},"end":{"line":35,"column":null}}},"4":{"name":"(anonymous_14)","decl":{"start":{"line":40,"column":2},"end":{"line":40,"column":3}},"loc":{"start":{"line":40,"column":35},"end":{"line":40,"column":null}}},"5":{"name":"(anonymous_15)","decl":{"start":{"line":45,"column":2},"end":{"line":45,"column":3}},"loc":{"start":{"line":45,"column":35},"end":{"line":47,"column":null}}}},"branchMap":{},"s":{"0":0,"1":0,"2":0,"3":0,"4":0,"5":0,"6":0,"7":0,"8":0,"9":0,"10":0,"11":0,"12":0,"13":0,"14":0,"15":0,"16":0,"17":0,"18":0,"19":0,"20":0,"21":0,"22":0,"23":0,"24":0,"25":0,"26":0,"27":0,"28":0,"29":0,"30":0,"31":0,"32":0,"33":0,"34":0,"35":0,"36":0,"37":0},"f":{"0":0,"1":0,"2":0,"3":0,"4":0,"5":0},"b":{}}
,"C:\\Users\\HP\\Napps\\summit\\components\\ui\\carousel.tsx": {"path":"C:\\Users\\HP\\Napps\\summit\\components\\ui\\carousel.tsx","statementMap":{"0":{"start":{"line":3,"column":0},"end":{"line":3,"column":30}},"1":{"start":{"line":4,"column":0},"end":{"line":4,"column":82}},"2":{"start":{"line":5,"column":0},"end":{"line":5,"column":52}},"3":{"start":{"line":7,"column":0},"end":{"line":7,"column":32}},"4":{"start":{"line":8,"column":0},"end":{"line":8,"column":47}},"5":{"start":{"line":31,"column":24},"end":{"line":31,"column":78}},"6":{"start":{"line":34,"column":18},"end":{"line":34,"column":51}},"7":{"start":{"line":36,"column":2},"end":{"line":38,"column":3}},"8":{"start":{"line":37,"column":4},"end":{"line":37,"column":null}},"9":{"start":{"line":40,"column":2},"end":{"line":40,"column":null}},"10":{"start":{"line":43,"column":17},"end":{"line":132,"column":null}},"11":{"start":{"line":44,"column":75},"end":{"line":44,"column":80}},"12":{"start":{"line":44,"column":85},"end":{"line":44,"column":89}},"13":{"start":{"line":45,"column":31},"end":{"line":50,"column":null}},"14":{"start":{"line":52,"column":46},"end":{"line":52,"column":67}},"15":{"start":{"line":53,"column":46},"end":{"line":53,"column":67}},"16":{"start":{"line":55,"column":21},"end":{"line":62,"column":10}},"17":{"start":{"line":56,"column":6},"end":{"line":58,"column":7}},"18":{"start":{"line":57,"column":8},"end":{"line":57,"column":14}},"19":{"start":{"line":60,"column":6},"end":{"line":60,"column":null}},"20":{"start":{"line":61,"column":6},"end":{"line":61,"column":null}},"21":{"start":{"line":64,"column":23},"end":{"line":66,"column":13}},"22":{"start":{"line":65,"column":6},"end":{"line":65,"column":null}},"23":{"start":{"line":68,"column":23},"end":{"line":70,"column":13}},"24":{"start":{"line":69,"column":6},"end":{"line":69,"column":null}},"25":{"start":{"line":72,"column":26},"end":{"line":82,"column":null}},"26":{"start":{"line":74,"column":8},"end":{"line":80,"column":9}},"27":{"start":{"line":75,"column":10},"end":{"line":75,"column":null}},"28":{"start":{"line":76,"column":10},"end":{"line":76,"column":null}},"29":{"start":{"line":77,"column":15},"end":{"line":80,"column":9}},"30":{"start":{"line":78,"column":10},"end":{"line":78,"column":null}},"31":{"start":{"line":79,"column":10},"end":{"line":79,"column":null}},"32":{"start":{"line":85,"column":4},"end":{"line":91,"column":null}},"33":{"start":{"line":86,"column":6},"end":{"line":88,"column":7}},"34":{"start":{"line":87,"column":8},"end":{"line":87,"column":14}},"35":{"start":{"line":90,"column":6},"end":{"line":90,"column":null}},"36":{"start":{"line":93,"column":4},"end":{"line":105,"column":null}},"37":{"start":{"line":94,"column":6},"end":{"line":96,"column":7}},"38":{"start":{"line":95,"column":8},"end":{"line":95,"column":14}},"39":{"start":{"line":98,"column":6},"end":{"line":98,"column":null}},"40":{"start":{"line":99,"column":6},"end":{"line":99,"column":null}},"41":{"start":{"line":100,"column":6},"end":{"line":100,"column":null}},"42":{"start":{"line":102,"column":6},"end":{"line":104,"column":null}},"43":{"start":{"line":103,"column":8},"end":{"line":103,"column":null}},"44":{"start":{"line":107,"column":4},"end":{"line":131,"column":null}},"45":{"start":{"line":226,"column":27},"end":{"line":226,"column":35}},"46":{"start":{"line":134,"column":0},"end":{"line":134,"column":null}},"47":{"start":{"line":136,"column":24},"end":{"line":149,"column":null}},"48":{"start":{"line":137,"column":14},"end":{"line":137,"column":19}},"49":{"start":{"line":137,"column":24},"end":{"line":137,"column":28}},"50":{"start":{"line":138,"column":41},"end":{"line":138,"column":54}},"51":{"start":{"line":140,"column":4},"end":{"line":148,"column":null}},"52":{"start":{"line":226,"column":37},"end":{"line":226,"column":52}},"53":{"start":{"line":151,"column":0},"end":{"line":151,"column":null}},"54":{"start":{"line":153,"column":21},"end":{"line":166,"column":null}},"55":{"start":{"line":154,"column":14},"end":{"line":154,"column":19}},"56":{"start":{"line":154,"column":24},"end":{"line":154,"column":28}},"57":{"start":{"line":155,"column":28},"end":{"line":155,"column":41}},"58":{"start":{"line":157,"column":4},"end":{"line":165,"column":null}},"59":{"start":{"line":226,"column":54},"end":{"line":226,"column":66}},"60":{"start":{"line":168,"column":0},"end":{"line":168,"column":null}},"61":{"start":{"line":170,"column":25},"end":{"line":194,"column":null}},"62":{"start":{"line":171,"column":50},"end":{"line":171,"column":55}},"63":{"start":{"line":171,"column":60},"end":{"line":171,"column":64}},"64":{"start":{"line":172,"column":55},"end":{"line":172,"column":68}},"65":{"start":{"line":174,"column":4},"end":{"line":193,"column":null}},"66":{"start":{"line":226,"column":68},"end":{"line":226,"column":84}},"67":{"start":{"line":196,"column":0},"end":{"line":196,"column":null}},"68":{"start":{"line":198,"column":21},"end":{"line":222,"column":null}},"69":{"start":{"line":199,"column":50},"end":{"line":199,"column":55}},"70":{"start":{"line":199,"column":60},"end":{"line":199,"column":64}},"71":{"start":{"line":200,"column":55},"end":{"line":200,"column":68}},"72":{"start":{"line":202,"column":4},"end":{"line":221,"column":null}},"73":{"start":{"line":226,"column":86},"end":{"line":226,"column":98}},"74":{"start":{"line":224,"column":0},"end":{"line":224,"column":null}}},"fnMap":{"0":{"name":"useCarousel","decl":{"start":{"line":33,"column":9},"end":{"line":33,"column":20}},"loc":{"start":{"line":33,"column":20},"end":{"line":41,"column":1}}},"1":{"name":"(anonymous_12)","decl":{"start":{"line":44,"column":2},"end":{"line":44,"column":3}},"loc":{"start":{"line":44,"column":96},"end":{"line":132,"column":3}}},"2":{"name":"(anonymous_13)","decl":{"start":{"line":55,"column":39},"end":{"line":55,"column":40}},"loc":{"start":{"line":55,"column":60},"end":{"line":62,"column":5}}},"3":{"name":"(anonymous_14)","decl":{"start":{"line":64,"column":41},"end":{"line":64,"column":44}},"loc":{"start":{"line":64,"column":46},"end":{"line":66,"column":5}}},"4":{"name":"(anonymous_15)","decl":{"start":{"line":68,"column":41},"end":{"line":68,"column":44}},"loc":{"start":{"line":68,"column":46},"end":{"line":70,"column":5}}},"5":{"name":"(anonymous_16)","decl":{"start":{"line":73,"column":6},"end":{"line":73,"column":7}},"loc":{"start":{"line":73,"column":53},"end":{"line":81,"column":7}}},"6":{"name":"(anonymous_17)","decl":{"start":{"line":85,"column":20},"end":{"line":85,"column":23}},"loc":{"start":{"line":85,"column":25},"end":{"line":91,"column":5}}},"7":{"name":"(anonymous_18)","decl":{"start":{"line":93,"column":20},"end":{"line":93,"column":23}},"loc":{"start":{"line":93,"column":25},"end":{"line":105,"column":5}}},"8":{"name":"(anonymous_19)","decl":{"start":{"line":102,"column":13},"end":{"line":102,"column":16}},"loc":{"start":{"line":102,"column":18},"end":{"line":104,"column":7}}},"9":{"name":"(anonymous_20)","decl":{"start":{"line":137,"column":2},"end":{"line":137,"column":3}},"loc":{"start":{"line":137,"column":35},"end":{"line":149,"column":3}}},"10":{"name":"(anonymous_21)","decl":{"start":{"line":154,"column":2},"end":{"line":154,"column":3}},"loc":{"start":{"line":154,"column":35},"end":{"line":166,"column":3}}},"11":{"name":"(anonymous_22)","decl":{"start":{"line":171,"column":2},"end":{"line":171,"column":3}},"loc":{"start":{"line":171,"column":71},"end":{"line":194,"column":3}}},"12":{"name":"(anonymous_23)","decl":{"start":{"line":199,"column":2},"end":{"line":199,"column":3}},"loc":{"start":{"line":199,"column":71},"end":{"line":222,"column":3}}}},"branchMap":{"0":{"loc":{"start":{"line":36,"column":2},"end":{"line":38,"column":3}},"type":"if","locations":[{"start":{"line":36,"column":2},"end":{"line":38,"column":3}}]},"1":{"loc":{"start":{"line":44,"column":5},"end":{"line":44,"column":31}},"type":"default-arg","locations":[{"start":{"line":44,"column":19},"end":{"line":44,"column":31}}]},"2":{"loc":{"start":{"line":48,"column":14},"end":{"line":48,"column":54}},"type":"cond-expr","locations":[{"start":{"line":48,"column":45},"end":{"line":48,"column":48}},{"start":{"line":48,"column":51},"end":{"line":48,"column":54}}]},"3":{"loc":{"start":{"line":56,"column":6},"end":{"line":58,"column":7}},"type":"if","locations":[{"start":{"line":56,"column":6},"end":{"line":58,"column":7}}]},"4":{"loc":{"start":{"line":65,"column":6},"end":{"line":65,"column":23}},"type":"cond-expr","locations":[{"start":{"line":65,"column":9},"end":{"line":65,"column":11}},{"start":{"line":65,"column":6},"end":{"line":65,"column":23}}]},"5":{"loc":{"start":{"line":65,"column":6},"end":{"line":65,"column":11}},"type":"binary-expr","locations":[{"start":{"line":65,"column":6},"end":{"line":65,"column":11}},{"start":{"line":65,"column":6},"end":{"line":65,"column":11}}]},"6":{"loc":{"start":{"line":69,"column":6},"end":{"line":69,"column":23}},"type":"cond-expr","locations":[{"start":{"line":69,"column":9},"end":{"line":69,"column":11}},{"start":{"line":69,"column":6},"end":{"line":69,"column":23}}]},"7":{"loc":{"start":{"line":69,"column":6},"end":{"line":69,"column":11}},"type":"binary-expr","locations":[{"start":{"line":69,"column":6},"end":{"line":69,"column":11}},{"start":{"line":69,"column":6},"end":{"line":69,"column":11}}]},"8":{"loc":{"start":{"line":74,"column":8},"end":{"line":80,"column":9}},"type":"if","locations":[{"start":{"line":74,"column":8},"end":{"line":80,"column":9}},{"start":{"line":77,"column":15},"end":{"line":80,"column":9}}]},"9":{"loc":{"start":{"line":77,"column":15},"end":{"line":80,"column":9}},"type":"if","locations":[{"start":{"line":77,"column":15},"end":{"line":80,"column":9}}]},"10":{"loc":{"start":{"line":86,"column":6},"end":{"line":88,"column":7}},"type":"if","locations":[{"start":{"line":86,"column":6},"end":{"line":88,"column":7}}]},"11":{"loc":{"start":{"line":86,"column":10},"end":{"line":86,"column":25}},"type":"binary-expr","locations":[{"start":{"line":86,"column":10},"end":{"line":86,"column":14}},{"start":{"line":86,"column":18},"end":{"line":86,"column":25}}]},"12":{"loc":{"start":{"line":94,"column":6},"end":{"line":96,"column":7}},"type":"if","locations":[{"start":{"line":94,"column":6},"end":{"line":96,"column":7}}]},"13":{"loc":{"start":{"line":103,"column":8},"end":{"line":103,"column":36}},"type":"cond-expr","locations":[{"start":{"line":103,"column":11},"end":{"line":103,"column":13}},{"start":{"line":103,"column":8},"end":{"line":103,"column":36}}]},"14":{"loc":{"start":{"line":103,"column":8},"end":{"line":103,"column":13}},"type":"binary-expr","locations":[{"start":{"line":103,"column":8},"end":{"line":103,"column":13}},{"start":{"line":103,"column":8},"end":{"line":103,"column":13}}]},"15":{"loc":{"start":{"line":113,"column":23},"end":{"line":113,"column":86}},"type":"binary-expr","locations":[{"start":{"line":113,"column":23},"end":{"line":113,"column":34}},{"start":{"line":113,"column":39},"end":{"line":113,"column":85}}]},"16":{"loc":{"start":{"line":113,"column":39},"end":{"line":113,"column":85}},"type":"cond-expr","locations":[{"start":{"line":113,"column":60},"end":{"line":113,"column":70}},{"start":{"line":113,"column":73},"end":{"line":113,"column":85}}]},"17":{"loc":{"start":{"line":113,"column":39},"end":{"line":113,"column":49}},"type":"cond-expr","locations":[{"start":{"line":113,"column":43},"end":{"line":113,"column":45}},{"start":{"line":113,"column":39},"end":{"line":113,"column":49}}]},"18":{"loc":{"start":{"line":113,"column":39},"end":{"line":113,"column":45}},"type":"binary-expr","locations":[{"start":{"line":113,"column":39},"end":{"line":113,"column":45}},{"start":{"line":113,"column":39},"end":{"line":113,"column":45}}]},"19":{"loc":{"start":{"line":144,"column":32},"end":{"line":144,"column":89}},"type":"cond-expr","locations":[{"start":{"line":144,"column":63},"end":{"line":144,"column":70}},{"start":{"line":144,"column":73},"end":{"line":144,"column":89}}]},"20":{"loc":{"start":{"line":162,"column":60},"end":{"line":162,"column":106}},"type":"cond-expr","locations":[{"start":{"line":162,"column":91},"end":{"line":162,"column":97}},{"start":{"line":162,"column":100},"end":{"line":162,"column":106}}]},"21":{"loc":{"start":{"line":171,"column":16},"end":{"line":171,"column":35}},"type":"default-arg","locations":[{"start":{"line":171,"column":26},"end":{"line":171,"column":35}}]},"22":{"loc":{"start":{"line":171,"column":37},"end":{"line":171,"column":50}},"type":"default-arg","locations":[{"start":{"line":171,"column":44},"end":{"line":171,"column":50}}]},"23":{"loc":{"start":{"line":181,"column":10},"end":{"line":183,"column":57}},"type":"cond-expr","locations":[{"start":{"line":182,"column":14},"end":{"line":182,"column":47}},{"start":{"line":183,"column":14},"end":{"line":183,"column":57}}]},"24":{"loc":{"start":{"line":199,"column":16},"end":{"line":199,"column":35}},"type":"default-arg","locations":[{"start":{"line":199,"column":26},"end":{"line":199,"column":35}}]},"25":{"loc":{"start":{"line":199,"column":37},"end":{"line":199,"column":50}},"type":"default-arg","locations":[{"start":{"line":199,"column":44},"end":{"line":199,"column":50}}]},"26":{"loc":{"start":{"line":209,"column":10},"end":{"line":211,"column":60}},"type":"cond-expr","locations":[{"start":{"line":210,"column":14},"end":{"line":210,"column":48}},{"start":{"line":211,"column":14},"end":{"line":211,"column":60}}]}},"s":{"0":0,"1":0,"2":0,"3":0,"4":0,"5":0,"6":0,"7":0,"8":0,"9":0,"10":0,"11":0,"12":0,"13":0,"14":0,"15":0,"16":0,"17":0,"18":0,"19":0,"20":0,"21":0,"22":0,"23":0,"24":0,"25":0,"26":0,"27":0,"28":0,"29":0,"30":0,"31":0,"32":0,"33":0,"34":0,"35":0,"36":0,"37":0,"38":0,"39":0,"40":0,"41":0,"42":0,"43":0,"44":0,"45":0,"46":0,"47":0,"48":0,"49":0,"50":0,"51":0,"52":0,"53":0,"54":0,"55":0,"56":0,"57":0,"58":0,"59":0,"60":0,"61":0,"62":0,"63":0,"64":0,"65":0,"66":0,"67":0,"68":0,"69":0,"70":0,"71":0,"72":0,"73":0,"74":0},"f":{"0":0,"1":0,"2":0,"3":0,"4":0,"5":0,"6":0,"7":0,"8":0,"9":0,"10":0,"11":0,"12":0},"b":{"0":[0],"1":[0],"2":[0,0],"3":[0],"4":[0,0],"5":[0,0],"6":[0,0],"7":[0,0],"8":[0,0],"9":[0],"10":[0],"11":[0,0],"12":[0],"13":[0,0],"14":[0,0],"15":[0,0],"16":[0,0],"17":[0,0],"18":[0,0],"19":[0,0],"20":[0,0],"21":[0],"22":[0],"23":[0,0],"24":[0],"25":[0],"26":[0,0]}}
,"C:\\Users\\HP\\Napps\\summit\\components\\ui\\chart.tsx": {"path":"C:\\Users\\HP\\Napps\\summit\\components\\ui\\chart.tsx","statementMap":{"0":{"start":{"line":3,"column":0},"end":{"line":3,"column":30}},"1":{"start":{"line":4,"column":0},"end":{"line":4,"column":45}},"2":{"start":{"line":6,"column":0},"end":{"line":6,"column":32}},"3":{"start":{"line":9,"column":15},"end":{"line":9,"column":52}},"4":{"start":{"line":25,"column":21},"end":{"line":25,"column":72}},"5":{"start":{"line":28,"column":18},"end":{"line":28,"column":48}},"6":{"start":{"line":30,"column":2},"end":{"line":32,"column":3}},"7":{"start":{"line":31,"column":4},"end":{"line":31,"column":null}},"8":{"start":{"line":34,"column":2},"end":{"line":34,"column":null}},"9":{"start":{"line":37,"column":23},"end":{"line":67,"column":2}},"10":{"start":{"line":45,"column":36},"end":{"line":45,"column":41}},"11":{"start":{"line":45,"column":46},"end":{"line":45,"column":50}},"12":{"start":{"line":46,"column":19},"end":{"line":46,"column":32}},"13":{"start":{"line":47,"column":18},"end":{"line":47,"column":61}},"14":{"start":{"line":49,"column":2},"end":{"line":66,"column":null}},"15":{"start":{"line":359,"column":2},"end":{"line":359,"column":16}},"16":{"start":{"line":68,"column":0},"end":{"line":68,"column":null}},"17":{"start":{"line":70,"column":19},"end":{"line":101,"column":1}},"18":{"start":{"line":71,"column":22},"end":{"line":72,"column":null}},"19":{"start":{"line":72,"column":21},"end":{"line":72,"column":49}},"20":{"start":{"line":75,"column":2},"end":{"line":77,"column":3}},"21":{"start":{"line":76,"column":4},"end":{"line":76,"column":null}},"22":{"start":{"line":79,"column":2},"end":{"line":100,"column":null}},"23":{"start":{"line":84,"column":33},"end":{"line":95,"column":null}},"24":{"start":{"line":89,"column":6},"end":{"line":90,"column":22}},"25":{"start":{"line":91,"column":4},"end":{"line":91,"column":null}},"26":{"start":{"line":364,"column":2},"end":{"line":364,"column":12}},"27":{"start":{"line":103,"column":21},"end":{"line":103,"column":46}},"28":{"start":{"line":360,"column":2},"end":{"line":360,"column":14}},"29":{"start":{"line":105,"column":28},"end":{"line":255,"column":null}},"30":{"start":{"line":134,"column":23},"end":{"line":134,"column":33}},"31":{"start":{"line":136,"column":25},"end":{"line":170,"column":6}},"32":{"start":{"line":137,"column":6},"end":{"line":139,"column":7}},"33":{"start":{"line":138,"column":8},"end":{"line":138,"column":null}},"34":{"start":{"line":141,"column":21},"end":{"line":141,"column":28}},"35":{"start":{"line":142,"column":18},"end":{"line":142,"column":71}},"36":{"start":{"line":143,"column":25},"end":{"line":143,"column":71}},"37":{"start":{"line":145,"column":8},"end":{"line":147,"column":29}},"38":{"start":{"line":149,"column":6},"end":{"line":155,"column":7}},"39":{"start":{"line":150,"column":8},"end":{"line":154,"column":null}},"40":{"start":{"line":157,"column":6},"end":{"line":159,"column":7}},"41":{"start":{"line":158,"column":8},"end":{"line":158,"column":null}},"42":{"start":{"line":161,"column":6},"end":{"line":161,"column":null}},"43":{"start":{"line":172,"column":4},"end":{"line":174,"column":5}},"44":{"start":{"line":173,"column":6},"end":{"line":173,"column":null}},"45":{"start":{"line":176,"column":22},"end":{"line":176,"column":65}},"46":{"start":{"line":178,"column":4},"end":{"line":254,"column":null}},"47":{"start":{"line":189,"column":24},"end":{"line":189,"column":76}},"48":{"start":{"line":190,"column":31},"end":{"line":190,"column":77}},"49":{"start":{"line":191,"column":35},"end":{"line":191,"column":75}},"50":{"start":{"line":193,"column":12},"end":{"line":250,"column":null}},"51":{"start":{"line":361,"column":2},"end":{"line":361,"column":21}},"52":{"start":{"line":257,"column":0},"end":{"line":257,"column":null}},"53":{"start":{"line":259,"column":20},"end":{"line":259,"column":44}},"54":{"start":{"line":362,"column":2},"end":{"line":362,"column":13}},"55":{"start":{"line":261,"column":27},"end":{"line":315,"column":null}},"56":{"start":{"line":273,"column":23},"end":{"line":273,"column":33}},"57":{"start":{"line":275,"column":4},"end":{"line":277,"column":5}},"58":{"start":{"line":276,"column":6},"end":{"line":276,"column":null}},"59":{"start":{"line":279,"column":4},"end":{"line":314,"column":null}},"60":{"start":{"line":289,"column":22},"end":{"line":289,"column":61}},"61":{"start":{"line":290,"column":29},"end":{"line":290,"column":75}},"62":{"start":{"line":292,"column":10},"end":{"line":311,"column":null}},"63":{"start":{"line":363,"column":2},"end":{"line":363,"column":20}},"64":{"start":{"line":317,"column":0},"end":{"line":317,"column":null}},"65":{"start":{"line":325,"column":2},"end":{"line":327,"column":3}},"66":{"start":{"line":326,"column":4},"end":{"line":326,"column":null}},"67":{"start":{"line":330,"column":4},"end":{"line":334,"column":17}},"68":{"start":{"line":336,"column":31},"end":{"line":336,"column":34}},"69":{"start":{"line":338,"column":2},"end":{"line":351,"column":3}},"70":{"start":{"line":342,"column":4},"end":{"line":342,"column":null}},"71":{"start":{"line":343,"column":9},"end":{"line":351,"column":3}},"72":{"start":{"line":348,"column":4},"end":{"line":350,"column":null}},"73":{"start":{"line":353,"column":2},"end":{"line":355,"column":null}}},"fnMap":{"0":{"name":"useChart","decl":{"start":{"line":27,"column":9},"end":{"line":27,"column":17}},"loc":{"start":{"line":27,"column":17},"end":{"line":35,"column":1}}},"1":{"name":"(anonymous_11)","decl":{"start":{"line":45,"column":2},"end":{"line":45,"column":3}},"loc":{"start":{"line":45,"column":57},"end":{"line":67,"column":1}}},"2":{"name":"(anonymous_12)","decl":{"start":{"line":70,"column":19},"end":{"line":70,"column":20}},"loc":{"start":{"line":70,"column":75},"end":{"line":101,"column":1}}},"3":{"name":"(anonymous_13)","decl":{"start":{"line":72,"column":4},"end":{"line":72,"column":5}},"loc":{"start":{"line":72,"column":21},"end":{"line":72,"column":49}}},"4":{"name":"(anonymous_14)","decl":{"start":{"line":84,"column":12},"end":{"line":84,"column":13}},"loc":{"start":{"line":84,"column":33},"end":{"line":95,"column":null}}},"5":{"name":"(anonymous_15)","decl":{"start":{"line":87,"column":7},"end":{"line":87,"column":8}},"loc":{"start":{"line":87,"column":29},"end":{"line":92,"column":3}}},"6":{"name":"(anonymous_16)","decl":{"start":{"line":116,"column":2},"end":{"line":116,"column":null}},"loc":{"start":{"line":133,"column":6},"end":{"line":255,"column":3}}},"7":{"name":"(anonymous_17)","decl":{"start":{"line":136,"column":39},"end":{"line":136,"column":42}},"loc":{"start":{"line":136,"column":44},"end":{"line":162,"column":5}}},"8":{"name":"(anonymous_18)","decl":{"start":{"line":188,"column":23},"end":{"line":188,"column":24}},"loc":{"start":{"line":188,"column":39},"end":{"line":251,"column":11}}},"9":{"name":"(anonymous_19)","decl":{"start":{"line":269,"column":2},"end":{"line":269,"column":null}},"loc":{"start":{"line":272,"column":6},"end":{"line":315,"column":3}}},"10":{"name":"(anonymous_20)","decl":{"start":{"line":288,"column":21},"end":{"line":288,"column":22}},"loc":{"start":{"line":288,"column":30},"end":{"line":312,"column":9}}},"11":{"name":"getPayloadConfigFromPayload","decl":{"start":{"line":320,"column":9},"end":{"line":320,"column":36}},"loc":{"start":{"line":323,"column":13},"end":{"line":356,"column":1}}}},"branchMap":{"0":{"loc":{"start":{"line":30,"column":2},"end":{"line":32,"column":3}},"type":"if","locations":[{"start":{"line":30,"column":2},"end":{"line":32,"column":3}}]},"1":{"loc":{"start":{"line":47,"column":27},"end":{"line":47,"column":59}},"type":"binary-expr","locations":[{"start":{"line":47,"column":27},"end":{"line":47,"column":29}},{"start":{"line":47,"column":33},"end":{"line":47,"column":59}}]},"2":{"loc":{"start":{"line":72,"column":21},"end":{"line":72,"column":49}},"type":"binary-expr","locations":[{"start":{"line":72,"column":21},"end":{"line":72,"column":33}},{"start":{"line":72,"column":37},"end":{"line":72,"column":49}}]},"3":{"loc":{"start":{"line":75,"column":2},"end":{"line":77,"column":3}},"type":"if","locations":[{"start":{"line":75,"column":2},"end":{"line":77,"column":3}}]},"4":{"loc":{"start":{"line":89,"column":6},"end":{"line":90,"column":22}},"type":"binary-expr","locations":[{"start":{"line":89,"column":6},"end":{"line":89,"column":64}},{"start":{"line":90,"column":6},"end":{"line":90,"column":22}}]},"5":{"loc":{"start":{"line":89,"column":6},"end":{"line":89,"column":64}},"type":"cond-expr","locations":[{"start":{"line":89,"column":22},"end":{"line":89,"column":25}},{"start":{"line":89,"column":22},"end":{"line":89,"column":64}}]},"6":{"loc":{"start":{"line":89,"column":6},"end":{"line":89,"column":25}},"type":"binary-expr","locations":[{"start":{"line":89,"column":6},"end":{"line":89,"column":25}},{"start":{"line":89,"column":22},"end":{"line":89,"column":25}}]},"7":{"loc":{"start":{"line":91,"column":11},"end":{"line":91,"column":55}},"type":"cond-expr","locations":[{"start":{"line":91,"column":19},"end":{"line":91,"column":48}},{"start":{"line":91,"column":51},"end":{"line":91,"column":55}}]},"8":{"loc":{"start":{"line":121,"column":6},"end":{"line":121,"column":23}},"type":"default-arg","locations":[{"start":{"line":121,"column":18},"end":{"line":121,"column":23}}]},"9":{"loc":{"start":{"line":122,"column":6},"end":{"line":122,"column":23}},"type":"default-arg","locations":[{"start":{"line":122,"column":18},"end":{"line":122,"column":23}}]},"10":{"loc":{"start":{"line":123,"column":6},"end":{"line":123,"column":27}},"type":"default-arg","locations":[{"start":{"line":123,"column":22},"end":{"line":123,"column":27}}]},"11":{"loc":{"start":{"line":137,"column":6},"end":{"line":139,"column":7}},"type":"if","locations":[{"start":{"line":137,"column":6},"end":{"line":139,"column":7}}]},"12":{"loc":{"start":{"line":137,"column":10},"end":{"line":137,"column":41}},"type":"binary-expr","locations":[{"start":{"line":137,"column":10},"end":{"line":137,"column":19}},{"start":{"line":137,"column":23},"end":{"line":137,"column":41}}]},"13":{"loc":{"start":{"line":137,"column":24},"end":{"line":137,"column":39}},"type":"cond-expr","locations":[{"start":{"line":137,"column":31},"end":{"line":137,"column":33}},{"start":{"line":137,"column":24},"end":{"line":137,"column":39}}]},"14":{"loc":{"start":{"line":137,"column":24},"end":{"line":137,"column":33}},"type":"binary-expr","locations":[{"start":{"line":137,"column":24},"end":{"line":137,"column":33}},{"start":{"line":137,"column":24},"end":{"line":137,"column":33}}]},"15":{"loc":{"start":{"line":142,"column":21},"end":{"line":142,"column":69}},"type":"binary-expr","locations":[{"start":{"line":142,"column":21},"end":{"line":142,"column":29}},{"start":{"line":142,"column":33},"end":{"line":142,"column":45}},{"start":{"line":142,"column":49},"end":{"line":142,"column":58}},{"start":{"line":142,"column":62},"end":{"line":142,"column":69}}]},"16":{"loc":{"start":{"line":145,"column":8},"end":{"line":147,"column":29}},"type":"cond-expr","locations":[{"start":{"line":146,"column":12},"end":{"line":146,"column":64}},{"start":{"line":147,"column":12},"end":{"line":147,"column":29}}]},"17":{"loc":{"start":{"line":145,"column":8},"end":{"line":145,"column":46}},"type":"binary-expr","locations":[{"start":{"line":145,"column":8},"end":{"line":145,"column":17}},{"start":{"line":145,"column":21},"end":{"line":145,"column":46}}]},"18":{"loc":{"start":{"line":146,"column":12},"end":{"line":146,"column":64}},"type":"binary-expr","locations":[{"start":{"line":146,"column":12},"end":{"line":146,"column":55}},{"start":{"line":146,"column":59},"end":{"line":146,"column":64}}]},"19":{"loc":{"start":{"line":146,"column":12},"end":{"line":146,"column":55}},"type":"cond-expr","locations":[{"start":{"line":146,"column":48},"end":{"line":146,"column":50}},{"start":{"line":146,"column":48},"end":{"line":146,"column":55}}]},"20":{"loc":{"start":{"line":146,"column":12},"end":{"line":146,"column":50}},"type":"binary-expr","locations":[{"start":{"line":146,"column":12},"end":{"line":146,"column":50}},{"start":{"line":146,"column":48},"end":{"line":146,"column":50}}]},"21":{"loc":{"start":{"line":147,"column":12},"end":{"line":147,"column":29}},"type":"cond-expr","locations":[{"start":{"line":147,"column":22},"end":{"line":147,"column":24}},{"start":{"line":147,"column":12},"end":{"line":147,"column":29}}]},"22":{"loc":{"start":{"line":147,"column":12},"end":{"line":147,"column":24}},"type":"binary-expr","locations":[{"start":{"line":147,"column":12},"end":{"line":147,"column":24}},{"start":{"line":147,"column":12},"end":{"line":147,"column":24}}]},"23":{"loc":{"start":{"line":149,"column":6},"end":{"line":155,"column":7}},"type":"if","locations":[{"start":{"line":149,"column":6},"end":{"line":155,"column":7}}]},"24":{"loc":{"start":{"line":157,"column":6},"end":{"line":159,"column":7}},"type":"if","locations":[{"start":{"line":157,"column":6},"end":{"line":159,"column":7}}]},"25":{"loc":{"start":{"line":172,"column":4},"end":{"line":174,"column":5}},"type":"if","locations":[{"start":{"line":172,"column":4},"end":{"line":174,"column":5}}]},"26":{"loc":{"start":{"line":172,"column":8},"end":{"line":172,"column":37}},"type":"binary-expr","locations":[{"start":{"line":172,"column":8},"end":{"line":172,"column":15}},{"start":{"line":172,"column":19},"end":{"line":172,"column":37}}]},"27":{"loc":{"start":{"line":172,"column":20},"end":{"line":172,"column":35}},"type":"cond-expr","locations":[{"start":{"line":172,"column":27},"end":{"line":172,"column":29}},{"start":{"line":172,"column":20},"end":{"line":172,"column":35}}]},"28":{"loc":{"start":{"line":172,"column":20},"end":{"line":172,"column":29}},"type":"binary-expr","locations":[{"start":{"line":172,"column":20},"end":{"line":172,"column":29}},{"start":{"line":172,"column":20},"end":{"line":172,"column":29}}]},"29":{"loc":{"start":{"line":176,"column":22},"end":{"line":176,"column":65}},"type":"binary-expr","locations":[{"start":{"line":176,"column":22},"end":{"line":176,"column":42}},{"start":{"line":176,"column":46},"end":{"line":176,"column":65}}]},"30":{"loc":{"start":{"line":186,"column":9},"end":{"line":186,"column":41}},"type":"cond-expr","locations":[{"start":{"line":186,"column":22},"end":{"line":186,"column":34}},{"start":{"line":186,"column":37},"end":{"line":186,"column":41}}]},"31":{"loc":{"start":{"line":189,"column":27},"end":{"line":189,"column":74}},"type":"binary-expr","locations":[{"start":{"line":189,"column":27},"end":{"line":189,"column":34}},{"start":{"line":189,"column":38},"end":{"line":189,"column":47}},{"start":{"line":189,"column":51},"end":{"line":189,"column":63}},{"start":{"line":189,"column":67},"end":{"line":189,"column":74}}]},"32":{"loc":{"start":{"line":191,"column":35},"end":{"line":191,"column":75}},"type":"binary-expr","locations":[{"start":{"line":191,"column":35},"end":{"line":191,"column":40}},{"start":{"line":191,"column":44},"end":{"line":191,"column":61}},{"start":{"line":191,"column":65},"end":{"line":191,"column":75}}]},"33":{"loc":{"start":{"line":198,"column":18},"end":{"line":198,"column":55}},"type":"binary-expr","locations":[{"start":{"line":198,"column":18},"end":{"line":198,"column":37}},{"start":{"line":198,"column":41},"end":{"line":198,"column":55}}]},"34":{"loc":{"start":{"line":201,"column":17},"end":{"line":247,"column":null}},"type":"cond-expr","locations":[{"start":{"line":202,"column":18},"end":{"line":202,"column":77}},{"start":{"line":204,"column":18},"end":{"line":246,"column":null}}]},"35":{"loc":{"start":{"line":201,"column":17},"end":{"line":201,"column":68}},"type":"binary-expr","locations":[{"start":{"line":201,"column":17},"end":{"line":201,"column":26}},{"start":{"line":201,"column":30},"end":{"line":201,"column":55}},{"start":{"line":201,"column":59},"end":{"line":201,"column":68}}]},"36":{"loc":{"start":{"line":201,"column":30},"end":{"line":201,"column":41}},"type":"cond-expr","locations":[{"start":{"line":201,"column":34},"end":{"line":201,"column":36}},{"start":{"line":201,"column":30},"end":{"line":201,"column":41}}]},"37":{"loc":{"start":{"line":201,"column":30},"end":{"line":201,"column":36}},"type":"binary-expr","locations":[{"start":{"line":201,"column":30},"end":{"line":201,"column":36}},{"start":{"line":201,"column":30},"end":{"line":201,"column":36}}]},"38":{"loc":{"start":{"line":205,"column":21},"end":{"line":227,"column":null}},"type":"cond-expr","locations":[{"start":{"line":206,"column":22},"end":{"line":206,"column":41}},{"start":{"line":208,"column":22},"end":{"line":226,"column":null}}]},"39":{"loc":{"start":{"line":205,"column":21},"end":{"line":205,"column":37}},"type":"cond-expr","locations":[{"start":{"line":205,"column":31},"end":{"line":205,"column":33}},{"start":{"line":205,"column":21},"end":{"line":205,"column":37}}]},"40":{"loc":{"start":{"line":205,"column":21},"end":{"line":205,"column":33}},"type":"binary-expr","locations":[{"start":{"line":205,"column":21},"end":{"line":205,"column":33}},{"start":{"line":205,"column":21},"end":{"line":205,"column":33}}]},"41":{"loc":{"start":{"line":208,"column":22},"end":{"line":226,"column":null}},"type":"binary-expr","locations":[{"start":{"line":208,"column":22},"end":{"line":208,"column":36}},{"start":{"line":209,"column":24},"end":{"line":224,"column":null}}]},"42":{"loc":{"start":{"line":217,"column":40},"end":{"line":217,"column":75}},"type":"binary-expr","locations":[{"start":{"line":217,"column":40},"end":{"line":217,"column":49}},{"start":{"line":217,"column":53},"end":{"line":217,"column":75}}]},"43":{"loc":{"start":{"line":232,"column":24},"end":{"line":232,"column":64}},"type":"cond-expr","locations":[{"start":{"line":232,"column":36},"end":{"line":232,"column":47}},{"start":{"line":232,"column":50},"end":{"line":232,"column":64}}]},"44":{"loc":{"start":{"line":236,"column":25},"end":{"line":236,"column":56}},"type":"cond-expr","locations":[{"start":{"line":236,"column":37},"end":{"line":236,"column":49}},{"start":{"line":236,"column":52},"end":{"line":236,"column":56}}]},"45":{"loc":{"start":{"line":238,"column":27},"end":{"line":238,"column":57}},"type":"binary-expr","locations":[{"start":{"line":238,"column":27},"end":{"line":238,"column":44}},{"start":{"line":238,"column":48},"end":{"line":238,"column":57}}]},"46":{"loc":{"start":{"line":238,"column":27},"end":{"line":238,"column":44}},"type":"cond-expr","locations":[{"start":{"line":238,"column":37},"end":{"line":238,"column":39}},{"start":{"line":238,"column":27},"end":{"line":238,"column":44}}]},"47":{"loc":{"start":{"line":238,"column":27},"end":{"line":238,"column":39}},"type":"binary-expr","locations":[{"start":{"line":238,"column":27},"end":{"line":238,"column":39}},{"start":{"line":238,"column":27},"end":{"line":238,"column":39}}]},"48":{"loc":{"start":{"line":241,"column":23},"end":{"line":244,"column":null}},"type":"binary-expr","locations":[{"start":{"line":241,"column":23},"end":{"line":241,"column":33}},{"start":{"line":242,"column":24},"end":{"line":243,"column":null}}]},"49":{"loc":{"start":{"line":270,"column":17},"end":{"line":270,"column":33}},"type":"default-arg","locations":[{"start":{"line":270,"column":28},"end":{"line":270,"column":33}}]},"50":{"loc":{"start":{"line":270,"column":44},"end":{"line":270,"column":68}},"type":"default-arg","locations":[{"start":{"line":270,"column":60},"end":{"line":270,"column":68}}]},"51":{"loc":{"start":{"line":275,"column":4},"end":{"line":277,"column":5}},"type":"if","locations":[{"start":{"line":275,"column":4},"end":{"line":277,"column":5}}]},"52":{"loc":{"start":{"line":275,"column":9},"end":{"line":275,"column":24}},"type":"cond-expr","locations":[{"start":{"line":275,"column":16},"end":{"line":275,"column":18}},{"start":{"line":275,"column":9},"end":{"line":275,"column":24}}]},"53":{"loc":{"start":{"line":275,"column":9},"end":{"line":275,"column":18}},"type":"binary-expr","locations":[{"start":{"line":275,"column":9},"end":{"line":275,"column":18}},{"start":{"line":275,"column":9},"end":{"line":275,"column":18}}]},"54":{"loc":{"start":{"line":284,"column":10},"end":{"line":284,"column":51}},"type":"cond-expr","locations":[{"start":{"line":284,"column":36},"end":{"line":284,"column":42}},{"start":{"line":284,"column":45},"end":{"line":284,"column":51}}]},"55":{"loc":{"start":{"line":289,"column":25},"end":{"line":289,"column":59}},"type":"binary-expr","locations":[{"start":{"line":289,"column":25},"end":{"line":289,"column":32}},{"start":{"line":289,"column":36},"end":{"line":289,"column":48}},{"start":{"line":289,"column":52},"end":{"line":289,"column":59}}]},"56":{"loc":{"start":{"line":299,"column":15},"end":{"line":307,"column":null}},"type":"cond-expr","locations":[{"start":{"line":300,"column":16},"end":{"line":300,"column":35}},{"start":{"line":302,"column":16},"end":{"line":306,"column":null}}]},"57":{"loc":{"start":{"line":299,"column":15},"end":{"line":299,"column":44}},"type":"binary-expr","locations":[{"start":{"line":299,"column":15},"end":{"line":299,"column":31}},{"start":{"line":299,"column":35},"end":{"line":299,"column":44}}]},"58":{"loc":{"start":{"line":299,"column":15},"end":{"line":299,"column":31}},"type":"cond-expr","locations":[{"start":{"line":299,"column":25},"end":{"line":299,"column":27}},{"start":{"line":299,"column":15},"end":{"line":299,"column":31}}]},"59":{"loc":{"start":{"line":299,"column":15},"end":{"line":299,"column":27}},"type":"binary-expr","locations":[{"start":{"line":299,"column":15},"end":{"line":299,"column":27}},{"start":{"line":299,"column":15},"end":{"line":299,"column":27}}]},"60":{"loc":{"start":{"line":309,"column":15},"end":{"line":309,"column":32}},"type":"cond-expr","locations":[{"start":{"line":309,"column":25},"end":{"line":309,"column":27}},{"start":{"line":309,"column":15},"end":{"line":309,"column":32}}]},"61":{"loc":{"start":{"line":309,"column":15},"end":{"line":309,"column":27}},"type":"binary-expr","locations":[{"start":{"line":309,"column":15},"end":{"line":309,"column":27}},{"start":{"line":309,"column":15},"end":{"line":309,"column":27}}]},"62":{"loc":{"start":{"line":325,"column":2},"end":{"line":327,"column":3}},"type":"if","locations":[{"start":{"line":325,"column":2},"end":{"line":327,"column":3}}]},"63":{"loc":{"start":{"line":325,"column":6},"end":{"line":325,"column":53}},"type":"binary-expr","locations":[{"start":{"line":325,"column":6},"end":{"line":325,"column":33}},{"start":{"line":325,"column":37},"end":{"line":325,"column":53}}]},"64":{"loc":{"start":{"line":330,"column":4},"end":{"line":334,"column":17}},"type":"cond-expr","locations":[{"start":{"line":333,"column":8},"end":{"line":333,"column":23}},{"start":{"line":334,"column":8},"end":{"line":334,"column":17}}]},"65":{"loc":{"start":{"line":330,"column":4},"end":{"line":332,"column":28}},"type":"binary-expr","locations":[{"start":{"line":330,"column":4},"end":{"line":330,"column":24}},{"start":{"line":331,"column":4},"end":{"line":331,"column":39}},{"start":{"line":332,"column":4},"end":{"line":332,"column":28}}]},"66":{"loc":{"start":{"line":338,"column":2},"end":{"line":351,"column":3}},"type":"if","locations":[{"start":{"line":338,"column":2},"end":{"line":351,"column":3}},{"start":{"line":343,"column":9},"end":{"line":351,"column":3}}]},"67":{"loc":{"start":{"line":339,"column":4},"end":{"line":340,"column":60}},"type":"binary-expr","locations":[{"start":{"line":339,"column":4},"end":{"line":339,"column":18}},{"start":{"line":340,"column":4},"end":{"line":340,"column":60}}]},"68":{"loc":{"start":{"line":343,"column":9},"end":{"line":351,"column":3}},"type":"if","locations":[{"start":{"line":343,"column":9},"end":{"line":351,"column":3}}]},"69":{"loc":{"start":{"line":344,"column":4},"end":{"line":346,"column":74}},"type":"binary-expr","locations":[{"start":{"line":344,"column":4},"end":{"line":344,"column":18}},{"start":{"line":345,"column":4},"end":{"line":345,"column":25}},{"start":{"line":346,"column":4},"end":{"line":346,"column":74}}]},"70":{"loc":{"start":{"line":353,"column":9},"end":{"line":355,"column":40}},"type":"cond-expr","locations":[{"start":{"line":354,"column":6},"end":{"line":354,"column":28}},{"start":{"line":355,"column":6},"end":{"line":355,"column":40}}]}},"s":{"0":0,"1":0,"2":0,"3":0,"4":0,"5":0,"6":0,"7":0,"8":0,"9":0,"10":0,"11":0,"12":0,"13":0,"14":0,"15":0,"16":0,"17":0,"18":0,"19":0,"20":0,"21":0,"22":0,"23":0,"24":0,"25":0,"26":0,"27":0,"28":0,"29":0,"30":0,"31":0,"32":0,"33":0,"34":0,"35":0,"36":0,"37":0,"38":0,"39":0,"40":0,"41":0,"42":0,"43":0,"44":0,"45":0,"46":0,"47":0,"48":0,"49":0,"50":0,"51":0,"52":0,"53":0,"54":0,"55":0,"56":0,"57":0,"58":0,"59":0,"60":0,"61":0,"62":0,"63":0,"64":0,"65":0,"66":0,"67":0,"68":0,"69":0,"70":0,"71":0,"72":0,"73":0},"f":{"0":0,"1":0,"2":0,"3":0,"4":0,"5":0,"6":0,"7":0,"8":0,"9":0,"10":0,"11":0},"b":{"0":[0],"1":[0,0],"2":[0,0],"3":[0],"4":[0,0],"5":[0,0],"6":[0,0],"7":[0,0],"8":[0],"9":[0],"10":[0],"11":[0],"12":[0,0],"13":[0,0],"14":[0,0],"15":[0,0,0,0],"16":[0,0],"17":[0,0],"18":[0,0],"19":[0,0],"20":[0,0],"21":[0,0],"22":[0,0],"23":[0],"24":[0],"25":[0],"26":[0,0],"27":[0,0],"28":[0,0],"29":[0,0],"30":[0,0],"31":[0,0,0,0],"32":[0,0,0],"33":[0,0],"34":[0,0],"35":[0,0,0],"36":[0,0],"37":[0,0],"38":[0,0],"39":[0,0],"40":[0,0],"41":[0,0],"42":[0,0],"43":[0,0],"44":[0,0],"45":[0,0],"46":[0,0],"47":[0,0],"48":[0,0],"49":[0],"50":[0],"51":[0],"52":[0,0],"53":[0,0],"54":[0,0],"55":[0,0,0],"56":[0,0],"57":[0,0],"58":[0,0],"59":[0,0],"60":[0,0],"61":[0,0],"62":[0],"63":[0,0],"64":[0,0],"65":[0,0,0],"66":[0,0],"67":[0,0],"68":[0],"69":[0,0,0],"70":[0,0]}}
[...]
ine":95,"column":null}},"9":{"start":{"line":98,"column":45},"end":{"line":98,"column":66}},"10":{"start":{"line":100,"column":4},"end":{"line":102,"column":5}},"11":{"start":{"line":101,"column":6},"end":{"line":101,"column":null}},"12":{"start":{"line":104,"column":4},"end":{"line":107,"column":null}},"13":{"start":{"line":109,"column":4},"end":{"line":109,"column":null}},"14":{"start":{"line":110,"column":4},"end":{"line":110,"column":null}},"15":{"start":{"line":115,"column":13},"end":{"line":115,"column":null}},"16":{"start":{"line":125,"column":2},"end":{"line":155,"column":3}},"17":{"start":{"line":126,"column":21},"end":{"line":132,"column":6}},"18":{"start":{"line":134,"column":4},"end":{"line":137,"column":5}},"19":{"start":{"line":135,"column":24},"end":{"line":135,"column":45}},"20":{"start":{"line":136,"column":6},"end":{"line":136,"column":null}},"21":{"start":{"line":139,"column":41},"end":{"line":139,"column":62}},"22":{"start":{"line":141,"column":4},"end":{"line":143,"column":5}},"23":{"start":{"line":142,"column":6},"end":{"line":142,"column":null}},"24":{"start":{"line":145,"column":4},"end":{"line":151,"column":null}},"25":{"start":{"line":153,"column":4},"end":{"line":153,"column":null}},"26":{"start":{"line":154,"column":4},"end":{"line":154,"column":null}}},"fnMap":{"0":{"name":"initiatePayment","decl":{"start":{"line":57,"column":22},"end":{"line":57,"column":37}},"loc":{"start":{"line":57,"column":67},"end":{"line":112,"column":null}}},"1":{"name":"verifyPayment","decl":{"start":{"line":118,"column":22},"end":{"line":118,"column":35}},"loc":{"start":{"line":118,"column":53},"end":{"line":156,"column":null}}}},"branchMap":{"0":{"loc":{"start":{"line":64,"column":4},"end":{"line":64,"column":35}},"type":"default-arg","locations":[{"start":{"line":64,"column":16},"end":{"line":64,"column":35}}]},"1":{"loc":{"start":{"line":86,"column":12},"end":{"line":86,"column":40}},"type":"binary-expr","locations":[{"start":{"line":86,"column":12},"end":{"line":86,"column":22}},{"start":{"line":86,"column":26},"end":{"line":86,"column":40}}]},"2":{"loc":{"start":{"line":87,"column":12},"end":{"line":87,"column":56}},"type":"binary-expr","locations":[{"start":{"line":87,"column":12},"end":{"line":87,"column":30}},{"start":{"line":87,"column":34},"end":{"line":87,"column":56}}]},"3":{"loc":{"start":{"line":88,"column":12},"end":{"line":88,"column":32}},"type":"binary-expr","locations":[{"start":{"line":88,"column":12},"end":{"line":88,"column":18}},{"start":{"line":88,"column":22},"end":{"line":88,"column":32}}]},"4":{"loc":{"start":{"line":89,"column":12},"end":{"line":89,"column":40}},"type":"binary-expr","locations":[{"start":{"line":89,"column":12},"end":{"line":89,"column":22}},{"start":{"line":89,"column":26},"end":{"line":89,"column":40}}]},"5":{"loc":{"start":{"line":93,"column":4},"end":{"line":96,"column":5}},"type":"if","locations":[{"start":{"line":93,"column":4},"end":{"line":96,"column":5}}]},"6":{"loc":{"start":{"line":95,"column":22},"end":{"line":95,"column":73}},"type":"binary-expr","locations":[{"start":{"line":95,"column":22},"end":{"line":95,"column":39}},{"start":{"line":95,"column":43},"end":{"line":95,"column":73}}]},"7":{"loc":{"start":{"line":100,"column":4},"end":{"line":102,"column":5}},"type":"if","locations":[{"start":{"line":100,"column":4},"end":{"line":102,"column":5}}]},"8":{"loc":{"start":{"line":101,"column":22},"end":{"line":101,"column":68}},"type":"binary-expr","locations":[{"start":{"line":101,"column":22},"end":{"line":101,"column":34}},{"start":{"line":101,"column":38},"end":{"line":101,"column":68}}]},"9":{"loc":{"start":{"line":110,"column":20},"end":{"line":110,"column":67}},"type":"binary-expr","locations":[{"start":{"line":110,"column":20},"end":{"line":110,"column":33}},{"start":{"line":110,"column":37},"end":{"line":110,"column":67}}]},"10":{"loc":{"start":{"line":134,"column":4},"end":{"line":137,"column":5}},"type":"if","locations":[{"start":{"line":134,"column":4},"end":{"line":137,"column":5}}]},"11":{"loc":{"start":{"line":136,"column":22},"end":{"line":136,"column":69}},"type":"binary-expr","locations":[{"start":{"line":136,"column":22},"end":{"line":136,"column":39}},{"start":{"line":136,"column":43},"end":{"line":136,"column":69}}]},"12":{"loc":{"start":{"line":141,"column":4},"end":{"line":143,"column":5}},"type":"if","locations":[{"start":{"line":141,"column":4},"end":{"line":143,"column":5}}]},"13":{"loc":{"start":{"line":142,"column":22},"end":{"line":142,"column":64}},"type":"binary-expr","locations":[{"start":{"line":142,"column":22},"end":{"line":142,"column":34}},{"start":{"line":142,"column":38},"end":{"line":142,"column":64}}]},"14":{"loc":{"start":{"line":149,"column":15},"end":{"line":149,"column":40}},"type":"binary-expr","locations":[{"start":{"line":149,"column":15},"end":{"line":149,"column":32}},{"start":{"line":149,"column":36},"end":{"line":149,"column":40}}]},"15":{"loc":{"start":{"line":154,"column":20},"end":{"line":154,"column":63}},"type":"binary-expr","locations":[{"start":{"line":154,"column":20},"end":{"line":154,"column":33}},{"start":{"line":154,"column":37},"end":{"line":154,"column":63}}]}},"s":{"0":0,"1":0,"2":0,"3":0,"4":0,"5":0,"6":0,"7":0,"8":0,"9":0,"10":0,"11":0,"12":0,"13":0,"14":0,"15":0,"16":0,"17":0,"18":0,"19":0,"20":0,"21":0,"22":0,"23":0,"24":0,"25":0,"26":0},"f":{"0":0,"1":0},"b":{"0":[0],"1":[0,0],"2":[0,0],"3":[0,0],"4":[0,0],"5":[0],"6":[0,0],"7":[0],"8":[0,0],"9":[0,0],"10":[0],"11":[0,0],"12":[0],"13":[0,0],"14":[0,0],"15":[0,0]}}
,"C:\\Users\\HP\\Napps\\summit\\lib\\qrcode.ts": {"path":"C:\\Users\\HP\\Napps\\summit\\lib\\qrcode.ts","statementMap":{"0":{"start":{"line":3,"column":0},"end":{"line":3,"column":22}},"1":{"start":{"line":1,"column":0},"end":{"line":1,"column":27}},"2":{"start":{"line":4,"column":2},"end":{"line":20,"column":3}},"3":{"start":{"line":6,"column":16},"end":{"line":14,"column":6}},"4":{"start":{"line":16,"column":4},"end":{"line":16,"column":null}},"5":{"start":{"line":18,"column":4},"end":{"line":18,"column":null}},"6":{"start":{"line":19,"column":4},"end":{"line":19,"column":null}}},"fnMap":{"0":{"name":"generateQRCode","decl":{"start":{"line":3,"column":22},"end":{"line":3,"column":36}},"loc":{"start":{"line":3,"column":49},"end":{"line":21,"column":null}}}},"branchMap":{},"s":{"0":0,"1":0,"2":0,"3":0,"4":0,"5":0,"6":0},"f":{"0":0},"b":{}}
,"C:\\Users\\HP\\Napps\\summit\\lib\\redis-client.ts": {"path":"C:\\Users\\HP\\Napps\\summit\\lib\\redis-client.ts","statementMap":{"0":{"start":{"line":1,"column":0},"end":{"line":1,"column":37}},"1":{"start":{"line":2,"column":0},"end":{"line":2,"column":28}},"2":{"start":{"line":5,"column":33},"end":{"line":20,"column":2}},"3":{"start":{"line":5,"column":44},"end":{"line":20,"column":2}},"4":{"start":{"line":6,"column":17},"end":{"line":13,"column":4}},"5":{"start":{"line":15,"column":2},"end":{"line":15,"column":68}},"6":{"start":{"line":15,"column":28},"end":{"line":15,"column":66}},"7":{"start":{"line":17,"column":2},"end":{"line":17,"column":25}},"8":{"start":{"line":19,"column":2},"end":{"line":19,"column":16}},"9":{"start":{"line":5,"column":13},"end":{"line":5,"column":33}},"10":{"start":{"line":23,"column":58},"end":{"line":23,"column":62}},"11":{"start":{"line":25,"column":30},"end":{"line":30,"column":2}},"12":{"start":{"line":25,"column":41},"end":{"line":30,"column":2}},"13":{"start":{"line":26,"column":2},"end":{"line":28,"column":3}},"14":{"start":{"line":27,"column":4},"end":{"line":27,"column":44}},"15":{"start":{"line":29,"column":2},"end":{"line":29,"column":21}},"16":{"start":{"line":25,"column":13},"end":{"line":25,"column":30}}},"fnMap":{"0":{"name":"(anonymous_7)","decl":{"start":{"line":5,"column":33},"end":{"line":5,"column":42}},"loc":{"start":{"line":5,"column":44},"end":{"line":20,"column":2}}},"1":{"name":"(anonymous_8)","decl":{"start":{"line":5,"column":44},"end":{"line":5,"column":null}},"loc":{"start":{"line":5,"column":44},"end":{"line":20,"column":1}}},"2":{"name":"(anonymous_9)","decl":{"start":{"line":15,"column":21},"end":{"line":15,"column":24}},"loc":{"start":{"line":15,"column":28},"end":{"line":15,"column":66}}},"3":{"name":"(anonymous_10)","decl":{"start":{"line":25,"column":30},"end":{"line":25,"column":39}},"loc":{"start":{"line":25,"column":41},"end":{"line":30,"column":2}}},"4":{"name":"(anonymous_11)","decl":{"start":{"line":25,"column":41},"end":{"line":25,"column":null}},"loc":{"start":{"line":25,"column":41},"end":{"line":30,"column":1}}}},"branchMap":{"0":{"loc":{"start":{"line":7,"column":14},"end":{"line":7,"column":45}},"type":"binary-expr","locations":[{"start":{"line":7,"column":14},"end":{"line":7,"column":32}},{"start":{"line":7,"column":36},"end":{"line":7,"column":45}}]},"1":{"loc":{"start":{"line":11,"column":21},"end":{"line":11,"column":45}},"type":"binary-expr","locations":[{"start":{"line":11,"column":21},"end":{"line":11,"column":35}},{"start":{"line":11,"column":39},"end":{"line":11,"column":45}}]},"2":{"loc":{"start":{"line":26,"column":2},"end":{"line":28,"column":3}},"type":"if","locations":[{"start":{"line":26,"column":2},"end":{"line":28,"column":3}}]}},"s":{"0":0,"1":0,"2":0,"3":0,"4":0,"5":0,"6":0,"7":0,"8":0,"9":0,"10":0,"11":0,"12":0,"13":0,"14":0,"15":0,"16":0},"f":{"0":0,"1":0,"2":0,"3":0,"4":0},"b":{"0":[0,0],"1":[0,0],"2":[0]}}
,"C:\\Users\\HP\\Napps\\summit\\lib\\server-config.ts": {"path":"C:\\Users\\HP\\Napps\\summit\\lib\\server-config.ts","statementMap":{"0":{"start":{"line":6,"column":0},"end":{"line":6,"column":22}},"1":{"start":{"line":26,"column":0},"end":{"line":26,"column":22}},"2":{"start":{"line":3,"column":0},"end":{"line":3,"column":32}},"3":{"start":{"line":7,"column":2},"end":{"line":22,"column":3}},"4":{"start":{"line":8,"column":19},"end":{"line":10,"column":null}},"5":{"start":{"line":13,"column":4},"end":{"line":15,"column":5}},"6":{"start":{"line":14,"column":6},"end":{"line":14,"column":null}},"7":{"start":{"line":17,"column":18},"end":{"line":17,"column":38}},"8":{"start":{"line":18,"column":4},"end":{"line":18,"column":null}},"9":{"start":{"line":20,"column":4},"end":{"line":20,"column":null}},"10":{"start":{"line":21,"column":4},"end":{"line":21,"column":null}},"11":{"start":{"line":27,"column":2},"end":{"line":27,"column":null}}},"fnMap":{"0":{"name":"getServerConfig","decl":{"start":{"line":6,"column":22},"end":{"line":6,"column":37}},"loc":{"start":{"line":6,"column":69},"end":{"line":23,"column":null}}},"1":{"name":"getRegistrationAmount","decl":{"start":{"line":26,"column":22},"end":{"line":26,"column":43}},"loc":{"start":{"line":26,"column":43},"end":{"line":28,"column":null}}}},"branchMap":{"0":{"loc":{"start":{"line":13,"column":4},"end":{"line":15,"column":5}},"type":"if","locations":[{"start":{"line":13,"column":4},"end":{"line":15,"column":5}}]},"1":{"loc":{"start":{"line":18,"column":11},"end":{"line":18,"column":64}},"type":"cond-expr","locations":[{"start":{"line":18,"column":39},"end":{"line":18,"column":56}},{"start":{"line":18,"column":59},"end":{"line":18,"column":64}}]}},"s":{"0":0,"1":0,"2":0,"3":0,"4":0,"5":0,"6":0,"7":0,"8":0,"9":0,"10":0,"11":0},"f":{"0":0,"1":0},"b":{"0":[0],"1":[0,0]}}
,"C:\\Users\\HP\\Napps\\summit\\lib\\utils.ts": {"path":"C:\\Users\\HP\\Napps\\summit\\lib\\utils.ts","statementMap":{"0":{"start":{"line":4,"column":0},"end":{"line":4,"column":16}},"1":{"start":{"line":1,"column":0},"end":{"line":1,"column":44}},"2":{"start":{"line":2,"column":0},"end":{"line":2,"column":40}},"3":{"start":{"line":5,"column":2},"end":{"line":5,"column":null}}},"fnMap":{"0":{"name":"cn","decl":{"start":{"line":4,"column":16},"end":{"line":4,"column":18}},"loc":{"start":{"line":4,"column":42},"end":{"line":6,"column":1}}}},"branchMap":{},"s":{"0":0,"1":0,"2":0,"3":0},"f":{"0":0},"b":{}}
,"C:\\Users\\HP\\Napps\\summit\\scripts\\cleanup-supabase.ts": {"path":"C:\\Users\\HP\\Napps\\summit\\scripts\\cleanup-supabase.ts","statementMap":{"0":{"start":{"line":1,"column":0},"end":{"line":1,"column":19}},"1":{"start":{"line":2,"column":0},"end":{"line":2,"column":23}},"2":{"start":{"line":3,"column":0},"end":{"line":3,"column":36}},"3":{"start":{"line":4,"column":0},"end":{"line":4,"column":32}},"4":{"start":{"line":6,"column":18},"end":{"line":6,"column":33}},"5":{"start":{"line":9,"column":2},"end":{"line":9,"column":null}},"6":{"start":{"line":11,"column":24},"end":{"line":18,"column":null}},"7":{"start":{"line":20,"column":2},"end":{"line":26,"column":3}},"8":{"start":{"line":21,"column":21},"end":{"line":21,"column":51}},"9":{"start":{"line":22,"column":4},"end":{"line":25,"column":5}},"10":{"start":{"line":23,"column":6},"end":{"line":23,"column":null}},"11":{"start":{"line":24,"column":6},"end":{"line":24,"column":null}},"12":{"start":{"line":28,"column":27},"end":{"line":32,"column":null}},"13":{"start":{"line":33,"column":2},"end":{"line":38,"column":3}},"14":{"start":{"line":34,"column":4},"end":{"line":34,"column":null}},"15":{"start":{"line":35,"column":4},"end":{"line":35,"column":null}},"16":{"start":{"line":37,"column":4},"end":{"line":37,"column":null}},"17":{"start":{"line":39,"column":2},"end":{"line":39,"column":null}},"18":{"start":{"line":41,"column":0},"end":{"line":41,"column":null}}},"fnMap":{"0":{"name":"cleanupSupabase","decl":{"start":{"line":8,"column":15},"end":{"line":8,"column":30}},"loc":{"start":{"line":8,"column":30},"end":{"line":40,"column":null}}}},"branchMap":{"0":{"loc":{"start":{"line":22,"column":4},"end":{"line":25,"column":5}},"type":"if","locations":[{"start":{"line":22,"column":4},"end":{"line":25,"column":5}}]}},"s":{"0":0,"1":0,"2":0,"3":0,"4":0,"5":0,"6":0,"7":0,"8":0,"9":0,"10":0,"11":0,"12":0,"13":0,"14":0,"15":0,"16":0,"17":0,"18":0},"f":{"0":0},"b":{"0":[0]}}
,"C:\\Users\\HP\\Napps\\summit\\scripts\\init-database.ts": {"path":"C:\\Users\\HP\\Napps\\summit\\scripts\\init-database.ts","statementMap":{"0":{"start":{"line":1,"column":0},"end":{"line":1,"column":25}},"1":{"start":{"line":2,"column":0},"end":{"line":2,"column":59}},"2":{"start":{"line":3,"column":0},"end":{"line":3,"column":23}},"3":{"start":{"line":4,"column":0},"end":{"line":4,"column":27}},"4":{"start":{"line":6,"column":0},"end":{"line":6,"column":null}},"5":{"start":{"line":9,"column":15},"end":{"line":14,"column":4}},"6":{"start":{"line":16,"column":2},"end":{"line":31,"column":3}},"7":{"start":{"line":17,"column":4},"end":{"line":17,"column":null}},"8":{"start":{"line":19,"column":26},"end":{"line":19,"column":64}},"9":{"start":{"line":20,"column":29},"end":{"line":20,"column":70}},"10":{"start":{"line":23,"column":4},"end":{"line":23,"column":null}},"11":{"start":{"line":25,"column":4},"end":{"line":25,"column":null}},"12":{"start":{"line":27,"column":4},"end":{"line":27,"column":null}},"13":{"start":{"line":28,"column":4},"end":{"line":28,"column":null}},"14":{"start":{"line":30,"column":4},"end":{"line":30,"column":null}},"15":{"start":{"line":34,"column":0},"end":{"line":34,"column":null}}},"fnMap":{"0":{"name":"initializeDatabase","decl":{"start":{"line":8,"column":15},"end":{"line":8,"column":33}},"loc":{"start":{"line":8,"column":33},"end":{"line":32,"column":null}}}},"branchMap":{"0":{"loc":{"start":{"line":11,"column":9},"end":{"line":13,"column":13}},"type":"cond-expr","locations":[{"start":{"line":11,"column":47},"end":{"line":13,"column":6}},{"start":{"line":13,"column":8},"end":{"line":13,"column":13}}]}},"s":{"0":0,"1":0,"2":0,"3":0,"4":0,"5":0,"6":0,"7":0,"8":0,"9":0,"10":0,"11":0,"12":0,"13":0,"14":0,"15":0},"f":{"0":0},"b":{"0":[0,0]}}
,"C:\\Users\\HP\\Napps\\summit\\scripts\\maintain-database.ts": {"path":"C:\\Users\\HP\\Napps\\summit\\scripts\\maintain-database.ts","statementMap":{"0":{"start":{"line":1,"column":0},"end":{"line":1,"column":25}},"1":{"start":{"line":2,"column":0},"end":{"line":2,"column":59}},"2":{"start":{"line":3,"column":0},"end":{"line":3,"column":43}},"3":{"start":{"line":4,"column":0},"end":{"line":4,"column":27}},"4":{"start":{"line":6,"column":0},"end":{"line":6,"column":null}},"5":{"start":{"line":9,"column":15},"end":{"line":14,"column":4}},"6":{"start":{"line":16,"column":22},"end":{"line":16,"column":51}},"7":{"start":{"line":17,"column":16},"end":{"line":17,"column":42}},"8":{"start":{"line":19,"column":2},"end":{"line":63,"column":3}},"9":{"start":{"line":20,"column":4},"end":{"line":20,"column":null}},"10":{"start":{"line":23,"column":24},"end":{"line":23,"column":57}},"11":{"start":{"line":24,"column":23},"end":{"line":24,"column":58}},"12":{"start":{"line":25,"column":4},"end":{"line":25,"column":null}},"13":{"start":{"line":28,"column":4},"end":{"line":28,"column":null}},"14":{"start":{"line":31,"column":4},"end":{"line":31,"column":null}},"15":{"start":{"line":34,"column":23},"end":{"line":34,"column":56}},"16":{"start":{"line":35,"column":22},"end":{"line":35,"column":57}},"17":{"start":{"line":37,"column":4},"end":{"line":37,"column":null}},"18":{"start":{"line":38,"column":4},"end":{"line":38,"column":null}},"19":{"start":{"line":39,"column":4},"end":{"line":39,"column":null}},"20":{"start":{"line":42,"column":4},"end":{"line":42,"column":null}},"21":{"start":{"line":43,"column":4},"end":{"line":52,"column":null}},"22":{"start":{"line":44,"column":25},"end":{"line":44,"column":87}},"23":{"start":{"line":44,"column":54},"end":{"line":44,"column":86}},"24":{"start":{"line":45,"column":29},"end":{"line":45,"column":87}},"25":{"start":{"line":47,"column":6},"end":{"line":47,"column":null}},"26":{"start":{"line":48,"column":6},"end":{"line":48,"column":null}},"27":{"start":{"line":49,"column":6},"end":{"line":49,"column":null}},"28":{"start":{"line":50,"column":6},"end":{"line":50,"column":null}},"29":{"start":{"line":51,"column":6},"end":{"line":51,"column":null}},"30":{"start":{"line":55,"column":22},"end":{"line":55,"column":60}},"31":{"start":{"line":56,"column":4},"end":{"line":56,"column":null}},"32":{"start":{"line":59,"column":4},"end":{"line":59,"column":null}},"33":{"start":{"line":60,"column":4},"end":{"line":60,"column":null}},"34":{"start":{"line":62,"column":4},"end":{"line":62,"column":null}},"35":{"start":{"line":66,"column":0},"end":{"line":66,"column":null}}},"fnMap":{"0":{"name":"maintainDatabase","decl":{"start":{"line":8,"column":15},"end":{"line":8,"column":31}},"loc":{"start":{"line":8,"column":31},"end":{"line":64,"column":null}}},"1":{"name":"(anonymous_10)","decl":{"start":{"line":43,"column":23},"end":{"line":43,"column":24}},"loc":{"start":{"line":43,"column":37},"end":{"line":52,"column":5}}},"2":{"name":"(anonymous_11)","decl":{"start":{"line":44,"column":42},"end":{"line":44,"column":43}},"loc":{"start":{"line":44,"column":54},"end":{"line":44,"column":86}}}},"branchMap":{"0":{"loc":{"start":{"line":11,"column":9},"end":{"line":13,"column":13}},"type":"cond-expr","locations":[{"start":{"line":11,"column":47},"end":{"line":13,"column":6}},{"start":{"line":13,"column":8},"end":{"line":13,"column":13}}]},"1":{"loc":{"start":{"line":45,"column":29},"end":{"line":45,"column":87}},"type":"cond-expr","locations":[{"start":{"line":45,"column":42},"end":{"line":45,"column":83}},{"start":{"line":45,"column":86},"end":{"line":45,"column":87}}]},"2":{"loc":{"start":{"line":50,"column":36},"end":{"line":50,"column":76}},"type":"binary-expr","locations":[{"start":{"line":50,"column":36},"end":{"line":50,"column":52}},{"start":{"line":50,"column":56},"end":{"line":50,"column":76}}]},"3":{"loc":{"start":{"line":51,"column":37},"end":{"line":51,"column":79}},"type":"binary-expr","locations":[{"start":{"line":51,"column":37},"end":{"line":51,"column":54}},{"start":{"line":51,"column":58},"end":{"line":51,"column":79}}]}},"s":{"0":0,"1":0,"2":0,"3":0,"4":0,"5":0,"6":0,"7":0,"8":0,"9":0,"10":0,"11":0,"12":0,"13":0,"14":0,"15":0,"16":0,"17":0,"18":0,"19":0,"20":0,"21":0,"22":0,"23":0,"24":0,"25":0,"26":0,"27":0,"28":0,"29":0,"30":0,"31":0,"32":0,"33":0,"34":0,"35":0},"f":{"0":0,"1":0,"2":0},"b":{"0":[0,0],"1":[0,0],"2":[0,0],"3":[0,0]}}
}
